[2015.07.10 13:50:33] (Coverage): Error during class instrumentation: com.sun.org.apache.xerces.internal.jaxp.DocumentBuilderImpl
java.lang.NullPointerException
	at com.intellij.rt.coverage.instrumentation.Instrumentator$MyClassWriter.typeInfo(Instrumentator.java:370)
	at com.intellij.rt.coverage.instrumentation.Instrumentator$MyClassWriter.getCommonSuperClass(Instrumentator.java:295)
	at org.jetbrains.org.objectweb.asm.ClassWriter.getMergedType(ClassWriter.java:1654)
	at org.jetbrains.org.objectweb.asm.Frame.merge(Frame.java:1426)
	at org.jetbrains.org.objectweb.asm.Frame.merge(Frame.java:1325)
	at org.jetbrains.org.objectweb.asm.MethodWriter.visitMaxs(MethodWriter.java:1475)
	at org.jetbrains.org.objectweb.asm.MethodVisitor.visitMaxs(MethodVisitor.java:866)
	at com.intellij.rt.coverage.instrumentation.SamplingInstrumenter$1.visitMaxs(SamplingInstrumenter.java:99)
	at org.jetbrains.org.objectweb.asm.ClassReader.readCode(ClassReader.java:1554)
	at org.jetbrains.org.objectweb.asm.ClassReader.readMethod(ClassReader.java:1017)
	at org.jetbrains.org.objectweb.asm.ClassReader.accept(ClassReader.java:693)
	at org.jetbrains.org.objectweb.asm.ClassReader.accept(ClassReader.java:506)
	at com.intellij.rt.coverage.instrumentation.Instrumentator.instrument(Instrumentator.java:193)
	at com.intellij.rt.coverage.instrumentation.Instrumentator.access$000(Instrumentator.java:41)
	at com.intellij.rt.coverage.instrumentation.Instrumentator$1.transform(Instrumentator.java:154)
	at sun.instrument.TransformerManager.transform(TransformerManager.java:188)
	at sun.instrument.InstrumentationImpl.transform(InstrumentationImpl.java:424)
	at com.sun.org.apache.xerces.internal.jaxp.DocumentBuilderFactoryImpl.newDocumentBuilder(DocumentBuilderFactoryImpl.java:76)
	at org.robolectric.manifest.AndroidManifest.parseAndroidManifest(AndroidManifest.java:131)
	at org.robolectric.manifest.AndroidManifest.getTargetSdkVersion(AndroidManifest.java:446)
	at org.robolectric.RobolectricTestRunner.pickSdkVersion(RobolectricTestRunner.java:442)
	at org.robolectric.RobolectricTestRunner.runChild(RobolectricTestRunner.java:187)
	at org.robolectric.RobolectricTestRunner.runChild(RobolectricTestRunner.java:54)
	at org.junit.runners.ParentRunner$3.run(ParentRunner.java:290)
	at org.junit.runners.ParentRunner$1.schedule(ParentRunner.java:71)
	at org.junit.runners.ParentRunner.runChildren(ParentRunner.java:288)
	at org.junit.runners.ParentRunner.access$000(ParentRunner.java:58)
	at org.junit.runners.ParentRunner$2.evaluate(ParentRunner.java:268)
	at org.robolectric.RobolectricTestRunner$1.evaluate(RobolectricTestRunner.java:152)
	at org.junit.runners.ParentRunner.run(ParentRunner.java:363)
	at org.junit.runner.JUnitCore.run(JUnitCore.java:137)
	at com.intellij.junit4.JUnit4IdeaTestRunner.startRunnerWithArgs(JUnit4IdeaTestRunner.java:78)
	at com.intellij.rt.execution.junit.JUnitStarter.prepareStreamsAndStart(JUnitStarter.java:212)
	at com.intellij.rt.execution.junit.JUnitStarter.main(JUnitStarter.java:68)
	at sun.reflect.NativeMethodAccessorImpl.invoke0(Native Method)
	at sun.reflect.NativeMethodAccessorImpl.invoke(NativeMethodAccessorImpl.java:57)
	at sun.reflect.DelegatingMethodAccessorImpl.invoke(DelegatingMethodAccessorImpl.java:43)
	at java.lang.reflect.Method.invoke(Method.java:606)
	at com.intellij.rt.execution.application.AppMain.main(AppMain.java:140)
[2015.07.10 13:50:33] (Coverage): Error during class instrumentation: com.sun.org.apache.xerces.internal.parsers.DOMParser
java.lang.NullPointerException
	at com.intellij.rt.coverage.instrumentation.Instrumentator$MyClassWriter.typeInfo(Instrumentator.java:370)
	at com.intellij.rt.coverage.instrumentation.Instrumentator$MyClassWriter.getCommonSuperClass(Instrumentator.java:295)
	at org.jetbrains.org.objectweb.asm.ClassWriter.getMergedType(ClassWriter.java:1654)
	at org.jetbrains.org.objectweb.asm.Frame.merge(Frame.java:1426)
	at org.jetbrains.org.objectweb.asm.Frame.merge(Frame.java:1325)
	at org.jetbrains.org.objectweb.asm.MethodWriter.visitMaxs(MethodWriter.java:1475)
	at org.jetbrains.org.objectweb.asm.MethodVisitor.visitMaxs(MethodVisitor.java:866)
	at com.intellij.rt.coverage.instrumentation.SamplingInstrumenter$1.visitMaxs(SamplingInstrumenter.java:99)
	at org.jetbrains.org.objectweb.asm.ClassReader.readCode(ClassReader.java:1554)
	at org.jetbrains.org.objectweb.asm.ClassReader.readMethod(ClassReader.java:1017)
	at org.jetbrains.org.objectweb.asm.ClassReader.accept(ClassReader.java:693)
	at org.jetbrains.org.objectweb.asm.ClassReader.accept(ClassReader.java:506)
	at com.intellij.rt.coverage.instrumentation.Instrumentator.instrument(Instrumentator.java:193)
	at com.intellij.rt.coverage.instrumentation.Instrumentator.access$000(Instrumentator.java:41)
	at com.intellij.rt.coverage.instrumentation.Instrumentator$1.transform(Instrumentator.java:154)
	at sun.instrument.TransformerManager.transform(TransformerManager.java:188)
	at sun.instrument.InstrumentationImpl.transform(InstrumentationImpl.java:424)
	at com.sun.org.apache.xerces.internal.jaxp.DocumentBuilderImpl.<init>(DocumentBuilderImpl.java:137)
	at com.sun.org.apache.xerces.internal.jaxp.DocumentBuilderFactoryImpl.newDocumentBuilder(DocumentBuilderFactoryImpl.java:76)
	at org.robolectric.manifest.AndroidManifest.parseAndroidManifest(AndroidManifest.java:131)
	at org.robolectric.manifest.AndroidManifest.getTargetSdkVersion(AndroidManifest.java:446)
	at org.robolectric.RobolectricTestRunner.pickSdkVersion(RobolectricTestRunner.java:442)
	at org.robolectric.RobolectricTestRunner.runChild(RobolectricTestRunner.java:187)
	at org.robolectric.RobolectricTestRunner.runChild(RobolectricTestRunner.java:54)
	at org.junit.runners.ParentRunner$3.run(ParentRunner.java:290)
	at org.junit.runners.ParentRunner$1.schedule(ParentRunner.java:71)
	at org.junit.runners.ParentRunner.runChildren(ParentRunner.java:288)
	at org.junit.runners.ParentRunner.access$000(ParentRunner.java:58)
	at org.junit.runners.ParentRunner$2.evaluate(ParentRunner.java:268)
	at org.robolectric.RobolectricTestRunner$1.evaluate(RobolectricTestRunner.java:152)
	at org.junit.runners.ParentRunner.run(ParentRunner.java:363)
	at org.junit.runner.JUnitCore.run(JUnitCore.java:137)
	at com.intellij.junit4.JUnit4IdeaTestRunner.startRunnerWithArgs(JUnit4IdeaTestRunner.java:78)
	at com.intellij.rt.execution.junit.JUnitStarter.prepareStreamsAndStart(JUnitStarter.java:212)
	at com.intellij.rt.execution.junit.JUnitStarter.main(JUnitStarter.java:68)
	at sun.reflect.NativeMethodAccessorImpl.invoke0(Native Method)
	at sun.reflect.NativeMethodAccessorImpl.invoke(NativeMethodAccessorImpl.java:57)
	at sun.reflect.DelegatingMethodAccessorImpl.invoke(DelegatingMethodAccessorImpl.java:43)
	at java.lang.reflect.Method.invoke(Method.java:606)
	at com.intellij.rt.execution.application.AppMain.main(AppMain.java:140)
[2015.07.10 13:50:33] (Coverage): Error during class instrumentation: com.sun.org.apache.xerces.internal.parsers.AbstractDOMParser
java.lang.NullPointerException
	at com.intellij.rt.coverage.instrumentation.Instrumentator$MyClassWriter.typeInfo(Instrumentator.java:370)
	at com.intellij.rt.coverage.instrumentation.Instrumentator$MyClassWriter.getCommonSuperClass(Instrumentator.java:295)
	at org.jetbrains.org.objectweb.asm.ClassWriter.getMergedType(ClassWriter.java:1654)
	at org.jetbrains.org.objectweb.asm.Frame.merge(Frame.java:1426)
	at org.jetbrains.org.objectweb.asm.Frame.merge(Frame.java:1325)
	at org.jetbrains.org.objectweb.asm.MethodWriter.visitMaxs(MethodWriter.java:1475)
	at org.jetbrains.org.objectweb.asm.MethodVisitor.visitMaxs(MethodVisitor.java:866)
	at com.intellij.rt.coverage.instrumentation.SamplingInstrumenter$1.visitMaxs(SamplingInstrumenter.java:99)
	at org.jetbrains.org.objectweb.asm.ClassReader.readCode(ClassReader.java:1554)
	at org.jetbrains.org.objectweb.asm.ClassReader.readMethod(ClassReader.java:1017)
	at org.jetbrains.org.objectweb.asm.ClassReader.accept(ClassReader.java:693)
	at org.jetbrains.org.objectweb.asm.ClassReader.accept(ClassReader.java:506)
	at com.intellij.rt.coverage.instrumentation.Instrumentator.instrument(Instrumentator.java:193)
	at com.intellij.rt.coverage.instrumentation.Instrumentator.access$000(Instrumentator.java:41)
	at com.intellij.rt.coverage.instrumentation.Instrumentator$1.transform(Instrumentator.java:154)
	at sun.instrument.TransformerManager.transform(TransformerManager.java:188)
	at sun.instrument.InstrumentationImpl.transform(InstrumentationImpl.java:424)
	at com.sun.org.apache.xerces.internal.jaxp.DocumentBuilderImpl.<init>(DocumentBuilderImpl.java:137)
	at com.sun.org.apache.xerces.internal.jaxp.DocumentBuilderFactoryImpl.newDocumentBuilder(DocumentBuilderFactoryImpl.java:76)
	at org.robolectric.manifest.AndroidManifest.parseAndroidManifest(AndroidManifest.java:131)
	at org.robolectric.manifest.AndroidManifest.getTargetSdkVersion(AndroidManifest.java:446)
	at org.robolectric.RobolectricTestRunner.pickSdkVersion(RobolectricTestRunner.java:442)
	at org.robolectric.RobolectricTestRunner.runChild(RobolectricTestRunner.java:187)
	at org.robolectric.RobolectricTestRunner.runChild(RobolectricTestRunner.java:54)
	at org.junit.runners.ParentRunner$3.run(ParentRunner.java:290)
	at org.junit.runners.ParentRunner$1.schedule(ParentRunner.java:71)
	at org.junit.runners.ParentRunner.runChildren(ParentRunner.java:288)
	at org.junit.runners.ParentRunner.access$000(ParentRunner.java:58)
	at org.junit.runners.ParentRunner$2.evaluate(ParentRunner.java:268)
	at org.robolectric.RobolectricTestRunner$1.evaluate(RobolectricTestRunner.java:152)
	at org.junit.runners.ParentRunner.run(ParentRunner.java:363)
	at org.junit.runner.JUnitCore.run(JUnitCore.java:137)
	at com.intellij.junit4.JUnit4IdeaTestRunner.startRunnerWithArgs(JUnit4IdeaTestRunner.java:78)
	at com.intellij.rt.execution.junit.JUnitStarter.prepareStreamsAndStart(JUnitStarter.java:212)
	at com.intellij.rt.execution.junit.JUnitStarter.main(JUnitStarter.java:68)
	at sun.reflect.NativeMethodAccessorImpl.invoke0(Native Method)
	at sun.reflect.NativeMethodAccessorImpl.invoke(NativeMethodAccessorImpl.java:57)
	at sun.reflect.DelegatingMethodAccessorImpl.invoke(DelegatingMethodAccessorImpl.java:43)
	at java.lang.reflect.Method.invoke(Method.java:606)
	at com.intellij.rt.execution.application.AppMain.main(AppMain.java:140)
[2015.07.10 13:50:33] (Coverage): Error during class instrumentation: com.sun.org.apache.xerces.internal.impl.XMLEntityManager
java.lang.NullPointerException
	at com.intellij.rt.coverage.instrumentation.Instrumentator$MyClassWriter.typeInfo(Instrumentator.java:370)
	at com.intellij.rt.coverage.instrumentation.Instrumentator$MyClassWriter.getCommonSuperClass(Instrumentator.java:295)
	at org.jetbrains.org.objectweb.asm.ClassWriter.getMergedType(ClassWriter.java:1654)
	at org.jetbrains.org.objectweb.asm.Frame.merge(Frame.java:1426)
	at org.jetbrains.org.objectweb.asm.Frame.merge(Frame.java:1374)
	at org.jetbrains.org.objectweb.asm.MethodWriter.visitMaxs(MethodWriter.java:1475)
	at org.jetbrains.org.objectweb.asm.MethodVisitor.visitMaxs(MethodVisitor.java:866)
	at com.intellij.rt.coverage.instrumentation.SamplingInstrumenter$1.visitMaxs(SamplingInstrumenter.java:99)
	at org.jetbrains.org.objectweb.asm.ClassReader.readCode(ClassReader.java:1554)
	at org.jetbrains.org.objectweb.asm.ClassReader.readMethod(ClassReader.java:1017)
	at org.jetbrains.org.objectweb.asm.ClassReader.accept(ClassReader.java:693)
	at org.jetbrains.org.objectweb.asm.ClassReader.accept(ClassReader.java:506)
	at com.intellij.rt.coverage.instrumentation.Instrumentator.instrument(Instrumentator.java:193)
	at com.intellij.rt.coverage.instrumentation.Instrumentator.access$000(Instrumentator.java:41)
	at com.intellij.rt.coverage.instrumentation.Instrumentator$1.transform(Instrumentator.java:154)
	at sun.instrument.TransformerManager.transform(TransformerManager.java:188)
	at sun.instrument.InstrumentationImpl.transform(InstrumentationImpl.java:424)
	at com.sun.org.apache.xerces.internal.parsers.XML11Configuration.<init>(XML11Configuration.java:553)
	at com.sun.org.apache.xerces.internal.parsers.XIncludeAwareParserConfiguration.<init>(XIncludeAwareParserConfiguration.java:130)
	at com.sun.org.apache.xerces.internal.parsers.XIncludeAwareParserConfiguration.<init>(XIncludeAwareParserConfiguration.java:91)
	at com.sun.org.apache.xerces.internal.parsers.DOMParser.<init>(DOMParser.java:144)
	at com.sun.org.apache.xerces.internal.parsers.DOMParser.<init>(DOMParser.java:128)
	at com.sun.org.apache.xerces.internal.jaxp.DocumentBuilderImpl.<init>(DocumentBuilderImpl.java:137)
	at com.sun.org.apache.xerces.internal.jaxp.DocumentBuilderFactoryImpl.newDocumentBuilder(DocumentBuilderFactoryImpl.java:76)
	at org.robolectric.manifest.AndroidManifest.parseAndroidManifest(AndroidManifest.java:131)
	at org.robolectric.manifest.AndroidManifest.getTargetSdkVersion(AndroidManifest.java:446)
	at org.robolectric.RobolectricTestRunner.pickSdkVersion(RobolectricTestRunner.java:442)
	at org.robolectric.RobolectricTestRunner.runChild(RobolectricTestRunner.java:187)
	at org.robolectric.RobolectricTestRunner.runChild(RobolectricTestRunner.java:54)
	at org.junit.runners.ParentRunner$3.run(ParentRunner.java:290)
	at org.junit.runners.ParentRunner$1.schedule(ParentRunner.java:71)
	at org.junit.runners.ParentRunner.runChildren(ParentRunner.java:288)
	at org.junit.runners.ParentRunner.access$000(ParentRunner.java:58)
	at org.junit.runners.ParentRunner$2.evaluate(ParentRunner.java:268)
	at org.robolectric.RobolectricTestRunner$1.evaluate(RobolectricTestRunner.java:152)
	at org.junit.runners.ParentRunner.run(ParentRunner.java:363)
	at org.junit.runner.JUnitCore.run(JUnitCore.java:137)
	at com.intellij.junit4.JUnit4IdeaTestRunner.startRunnerWithArgs(JUnit4IdeaTestRunner.java:78)
	at com.intellij.rt.execution.junit.JUnitStarter.prepareStreamsAndStart(JUnitStarter.java:212)
	at com.intellij.rt.execution.junit.JUnitStarter.main(JUnitStarter.java:68)
	at sun.reflect.NativeMethodAccessorImpl.invoke0(Native Method)
	at sun.reflect.NativeMethodAccessorImpl.invoke(NativeMethodAccessorImpl.java:57)
	at sun.reflect.DelegatingMethodAccessorImpl.invoke(DelegatingMethodAccessorImpl.java:43)
	at java.lang.reflect.Method.invoke(Method.java:606)
	at com.intellij.rt.execution.application.AppMain.main(AppMain.java:140)
[2015.07.10 13:50:33] (Coverage): Error during class instrumentation: com.sun.xml.internal.stream.XMLEntityStorage
java.lang.NullPointerException
	at com.intellij.rt.coverage.instrumentation.Instrumentator$MyClassWriter.typeInfo(Instrumentator.java:370)
	at com.intellij.rt.coverage.instrumentation.Instrumentator$MyClassWriter.getCommonSuperClass(Instrumentator.java:295)
	at org.jetbrains.org.objectweb.asm.ClassWriter.getMergedType(ClassWriter.java:1654)
	at org.jetbrains.org.objectweb.asm.Frame.merge(Frame.java:1426)
	at org.jetbrains.org.objectweb.asm.Frame.merge(Frame.java:1325)
	at org.jetbrains.org.objectweb.asm.MethodWriter.visitMaxs(MethodWriter.java:1475)
	at org.jetbrains.org.objectweb.asm.MethodVisitor.visitMaxs(MethodVisitor.java:866)
	at com.intellij.rt.coverage.instrumentation.SamplingInstrumenter$1.visitMaxs(SamplingInstrumenter.java:99)
	at org.jetbrains.org.objectweb.asm.ClassReader.readCode(ClassReader.java:1554)
	at org.jetbrains.org.objectweb.asm.ClassReader.readMethod(ClassReader.java:1017)
	at org.jetbrains.org.objectweb.asm.ClassReader.accept(ClassReader.java:693)
	at org.jetbrains.org.objectweb.asm.ClassReader.accept(ClassReader.java:506)
	at com.intellij.rt.coverage.instrumentation.Instrumentator.instrument(Instrumentator.java:193)
	at com.intellij.rt.coverage.instrumentation.Instrumentator.access$000(Instrumentator.java:41)
	at com.intellij.rt.coverage.instrumentation.Instrumentator$1.transform(Instrumentator.java:154)
	at sun.instrument.TransformerManager.transform(TransformerManager.java:188)
	at sun.instrument.InstrumentationImpl.transform(InstrumentationImpl.java:424)
	at com.sun.org.apache.xerces.internal.impl.XMLEntityManager.<init>(XMLEntityManager.java:405)
	at com.sun.org.apache.xerces.internal.parsers.XML11Configuration.<init>(XML11Configuration.java:553)
	at com.sun.org.apache.xerces.internal.parsers.XIncludeAwareParserConfiguration.<init>(XIncludeAwareParserConfiguration.java:130)
	at com.sun.org.apache.xerces.internal.parsers.XIncludeAwareParserConfiguration.<init>(XIncludeAwareParserConfiguration.java:91)
	at com.sun.org.apache.xerces.internal.parsers.DOMParser.<init>(DOMParser.java:144)
	at com.sun.org.apache.xerces.internal.parsers.DOMParser.<init>(DOMParser.java:128)
	at com.sun.org.apache.xerces.internal.jaxp.DocumentBuilderImpl.<init>(DocumentBuilderImpl.java:137)
	at com.sun.org.apache.xerces.internal.jaxp.DocumentBuilderFactoryImpl.newDocumentBuilder(DocumentBuilderFactoryImpl.java:76)
	at org.robolectric.manifest.AndroidManifest.parseAndroidManifest(AndroidManifest.java:131)
	at org.robolectric.manifest.AndroidManifest.getTargetSdkVersion(AndroidManifest.java:446)
	at org.robolectric.RobolectricTestRunner.pickSdkVersion(RobolectricTestRunner.java:442)
	at org.robolectric.RobolectricTestRunner.runChild(RobolectricTestRunner.java:187)
	at org.robolectric.RobolectricTestRunner.runChild(RobolectricTestRunner.java:54)
	at org.junit.runners.ParentRunner$3.run(ParentRunner.java:290)
	at org.junit.runners.ParentRunner$1.schedule(ParentRunner.java:71)
	at org.junit.runners.ParentRunner.runChildren(ParentRunner.java:288)
	at org.junit.runners.ParentRunner.access$000(ParentRunner.java:58)
	at org.junit.runners.ParentRunner$2.evaluate(ParentRunner.java:268)
	at org.robolectric.RobolectricTestRunner$1.evaluate(RobolectricTestRunner.java:152)
	at org.junit.runners.ParentRunner.run(ParentRunner.java:363)
	at org.junit.runner.JUnitCore.run(JUnitCore.java:137)
	at com.intellij.junit4.JUnit4IdeaTestRunner.startRunnerWithArgs(JUnit4IdeaTestRunner.java:78)
	at com.intellij.rt.execution.junit.JUnitStarter.prepareStreamsAndStart(JUnitStarter.java:212)
	at com.intellij.rt.execution.junit.JUnitStarter.main(JUnitStarter.java:68)
	at sun.reflect.NativeMethodAccessorImpl.invoke0(Native Method)
	at sun.reflect.NativeMethodAccessorImpl.invoke(NativeMethodAccessorImpl.java:57)
	at sun.reflect.DelegatingMethodAccessorImpl.invoke(DelegatingMethodAccessorImpl.java:43)
	at java.lang.reflect.Method.invoke(Method.java:606)
	at com.intellij.rt.execution.application.AppMain.main(AppMain.java:140)
[2015.07.10 13:50:33] (Coverage): Error during class instrumentation: com.sun.org.apache.xerces.internal.impl.XMLScanner
java.lang.NullPointerException
	at com.intellij.rt.coverage.instrumentation.Instrumentator$MyClassWriter.typeInfo(Instrumentator.java:370)
	at com.intellij.rt.coverage.instrumentation.Instrumentator$MyClassWriter.getCommonSuperClass(Instrumentator.java:295)
	at org.jetbrains.org.objectweb.asm.ClassWriter.getMergedType(ClassWriter.java:1654)
	at org.jetbrains.org.objectweb.asm.Frame.merge(Frame.java:1426)
	at org.jetbrains.org.objectweb.asm.Frame.merge(Frame.java:1325)
	at org.jetbrains.org.objectweb.asm.MethodWriter.visitMaxs(MethodWriter.java:1475)
	at org.jetbrains.org.objectweb.asm.MethodVisitor.visitMaxs(MethodVisitor.java:866)
	at com.intellij.rt.coverage.instrumentation.SamplingInstrumenter$1.visitMaxs(SamplingInstrumenter.java:99)
	at org.jetbrains.org.objectweb.asm.ClassReader.readCode(ClassReader.java:1554)
	at org.jetbrains.org.objectweb.asm.ClassReader.readMethod(ClassReader.java:1017)
	at org.jetbrains.org.objectweb.asm.ClassReader.accept(ClassReader.java:693)
	at org.jetbrains.org.objectweb.asm.ClassReader.accept(ClassReader.java:506)
	at com.intellij.rt.coverage.instrumentation.Instrumentator.instrument(Instrumentator.java:193)
	at com.intellij.rt.coverage.instrumentation.Instrumentator.access$000(Instrumentator.java:41)
	at com.intellij.rt.coverage.instrumentation.Instrumentator$1.transform(Instrumentator.java:154)
	at sun.instrument.TransformerManager.transform(TransformerManager.java:188)
	at sun.instrument.InstrumentationImpl.transform(InstrumentationImpl.java:424)
	at com.sun.org.apache.xerces.internal.parsers.XML11Configuration.<init>(XML11Configuration.java:562)
	at com.sun.org.apache.xerces.internal.parsers.XIncludeAwareParserConfiguration.<init>(XIncludeAwareParserConfiguration.java:130)
	at com.sun.org.apache.xerces.internal.parsers.XIncludeAwareParserConfiguration.<init>(XIncludeAwareParserConfiguration.java:91)
	at com.sun.org.apache.xerces.internal.parsers.DOMParser.<init>(DOMParser.java:144)
	at com.sun.org.apache.xerces.internal.parsers.DOMParser.<init>(DOMParser.java:128)
	at com.sun.org.apache.xerces.internal.jaxp.DocumentBuilderImpl.<init>(DocumentBuilderImpl.java:137)
	at com.sun.org.apache.xerces.internal.jaxp.DocumentBuilderFactoryImpl.newDocumentBuilder(DocumentBuilderFactoryImpl.java:76)
	at org.robolectric.manifest.AndroidManifest.parseAndroidManifest(AndroidManifest.java:131)
	at org.robolectric.manifest.AndroidManifest.getTargetSdkVersion(AndroidManifest.java:446)
	at org.robolectric.RobolectricTestRunner.pickSdkVersion(RobolectricTestRunner.java:442)
	at org.robolectric.RobolectricTestRunner.runChild(RobolectricTestRunner.java:187)
	at org.robolectric.RobolectricTestRunner.runChild(RobolectricTestRunner.java:54)
	at org.junit.runners.ParentRunner$3.run(ParentRunner.java:290)
	at org.junit.runners.ParentRunner$1.schedule(ParentRunner.java:71)
	at org.junit.runners.ParentRunner.runChildren(ParentRunner.java:288)
	at org.junit.runners.ParentRunner.access$000(ParentRunner.java:58)
	at org.junit.runners.ParentRunner$2.evaluate(ParentRunner.java:268)
	at org.robolectric.RobolectricTestRunner$1.evaluate(RobolectricTestRunner.java:152)
	at org.junit.runners.ParentRunner.run(ParentRunner.java:363)
	at org.junit.runner.JUnitCore.run(JUnitCore.java:137)
	at com.intellij.junit4.JUnit4IdeaTestRunner.startRunnerWithArgs(JUnit4IdeaTestRunner.java:78)
	at com.intellij.rt.execution.junit.JUnitStarter.prepareStreamsAndStart(JUnitStarter.java:212)
	at com.intellij.rt.execution.junit.JUnitStarter.main(JUnitStarter.java:68)
	at sun.reflect.NativeMethodAccessorImpl.invoke0(Native Method)
	at sun.reflect.NativeMethodAccessorImpl.invoke(NativeMethodAccessorImpl.java:57)
	at sun.reflect.DelegatingMethodAccessorImpl.invoke(DelegatingMethodAccessorImpl.java:43)
	at java.lang.reflect.Method.invoke(Method.java:606)
	at com.intellij.rt.execution.application.AppMain.main(AppMain.java:140)
[2015.07.10 13:50:33] (Coverage): Error during class instrumentation: com.sun.org.apache.xerces.internal.impl.XMLDTDScannerImpl
java.lang.NullPointerException
	at com.intellij.rt.coverage.instrumentation.Instrumentator$MyClassWriter.typeInfo(Instrumentator.java:370)
	at com.intellij.rt.coverage.instrumentation.Instrumentator$MyClassWriter.getCommonSuperClass(Instrumentator.java:295)
	at org.jetbrains.org.objectweb.asm.ClassWriter.getMergedType(ClassWriter.java:1654)
	at org.jetbrains.org.objectweb.asm.Frame.merge(Frame.java:1426)
	at org.jetbrains.org.objectweb.asm.Frame.merge(Frame.java:1325)
	at org.jetbrains.org.objectweb.asm.MethodWriter.visitMaxs(MethodWriter.java:1475)
	at org.jetbrains.org.objectweb.asm.MethodVisitor.visitMaxs(MethodVisitor.java:866)
	at com.intellij.rt.coverage.instrumentation.SamplingInstrumenter$1.visitMaxs(SamplingInstrumenter.java:99)
	at org.jetbrains.org.objectweb.asm.ClassReader.readCode(ClassReader.java:1554)
	at org.jetbrains.org.objectweb.asm.ClassReader.readMethod(ClassReader.java:1017)
	at org.jetbrains.org.objectweb.asm.ClassReader.accept(ClassReader.java:693)
	at org.jetbrains.org.objectweb.asm.ClassReader.accept(ClassReader.java:506)
	at com.intellij.rt.coverage.instrumentation.Instrumentator.instrument(Instrumentator.java:193)
	at com.intellij.rt.coverage.instrumentation.Instrumentator.access$000(Instrumentator.java:41)
	at com.intellij.rt.coverage.instrumentation.Instrumentator$1.transform(Instrumentator.java:154)
	at sun.instrument.TransformerManager.transform(TransformerManager.java:188)
	at sun.instrument.InstrumentationImpl.transform(InstrumentationImpl.java:424)
	at com.sun.org.apache.xerces.internal.parsers.XML11Configuration.<init>(XML11Configuration.java:566)
	at com.sun.org.apache.xerces.internal.parsers.XIncludeAwareParserConfiguration.<init>(XIncludeAwareParserConfiguration.java:130)
	at com.sun.org.apache.xerces.internal.parsers.XIncludeAwareParserConfiguration.<init>(XIncludeAwareParserConfiguration.java:91)
	at com.sun.org.apache.xerces.internal.parsers.DOMParser.<init>(DOMParser.java:144)
	at com.sun.org.apache.xerces.internal.parsers.DOMParser.<init>(DOMParser.java:128)
	at com.sun.org.apache.xerces.internal.jaxp.DocumentBuilderImpl.<init>(DocumentBuilderImpl.java:137)
	at com.sun.org.apache.xerces.internal.jaxp.DocumentBuilderFactoryImpl.newDocumentBuilder(DocumentBuilderFactoryImpl.java:76)
	at org.robolectric.manifest.AndroidManifest.parseAndroidManifest(AndroidManifest.java:131)
	at org.robolectric.manifest.AndroidManifest.getTargetSdkVersion(AndroidManifest.java:446)
	at org.robolectric.RobolectricTestRunner.pickSdkVersion(RobolectricTestRunner.java:442)
	at org.robolectric.RobolectricTestRunner.runChild(RobolectricTestRunner.java:187)
	at org.robolectric.RobolectricTestRunner.runChild(RobolectricTestRunner.java:54)
	at org.junit.runners.ParentRunner$3.run(ParentRunner.java:290)
	at org.junit.runners.ParentRunner$1.schedule(ParentRunner.java:71)
	at org.junit.runners.ParentRunner.runChildren(ParentRunner.java:288)
	at org.junit.runners.ParentRunner.access$000(ParentRunner.java:58)
	at org.junit.runners.ParentRunner$2.evaluate(ParentRunner.java:268)
	at org.robolectric.RobolectricTestRunner$1.evaluate(RobolectricTestRunner.java:152)
	at org.junit.runners.ParentRunner.run(ParentRunner.java:363)
	at org.junit.runner.JUnitCore.run(JUnitCore.java:137)
	at com.intellij.junit4.JUnit4IdeaTestRunner.startRunnerWithArgs(JUnit4IdeaTestRunner.java:78)
	at com.intellij.rt.execution.junit.JUnitStarter.prepareStreamsAndStart(JUnitStarter.java:212)
	at com.intellij.rt.execution.junit.JUnitStarter.main(JUnitStarter.java:68)
	at sun.reflect.NativeMethodAccessorImpl.invoke0(Native Method)
	at sun.reflect.NativeMethodAccessorImpl.invoke(NativeMethodAccessorImpl.java:57)
	at sun.reflect.DelegatingMethodAccessorImpl.invoke(DelegatingMethodAccessorImpl.java:43)
	at java.lang.reflect.Method.invoke(Method.java:606)
	at com.intellij.rt.execution.application.AppMain.main(AppMain.java:140)
[2015.07.10 13:50:34] (Coverage): Error during class instrumentation: com.sun.org.apache.xerces.internal.utils.ObjectFactory
java.lang.NullPointerException
	at com.intellij.rt.coverage.instrumentation.Instrumentator$MyClassWriter.typeInfo(Instrumentator.java:370)
	at com.intellij.rt.coverage.instrumentation.Instrumentator$MyClassWriter.getCommonSuperClass(Instrumentator.java:295)
	at org.jetbrains.org.objectweb.asm.ClassWriter.getMergedType(ClassWriter.java:1654)
	at org.jetbrains.org.objectweb.asm.Frame.merge(Frame.java:1426)
	at org.jetbrains.org.objectweb.asm.Frame.merge(Frame.java:1325)
	at org.jetbrains.org.objectweb.asm.MethodWriter.visitMaxs(MethodWriter.java:1475)
	at org.jetbrains.org.objectweb.asm.MethodVisitor.visitMaxs(MethodVisitor.java:866)
	at com.intellij.rt.coverage.instrumentation.SamplingInstrumenter$1.visitMaxs(SamplingInstrumenter.java:99)
	at org.jetbrains.org.objectweb.asm.ClassReader.readCode(ClassReader.java:1554)
	at org.jetbrains.org.objectweb.asm.ClassReader.readMethod(ClassReader.java:1017)
	at org.jetbrains.org.objectweb.asm.ClassReader.accept(ClassReader.java:693)
	at org.jetbrains.org.objectweb.asm.ClassReader.accept(ClassReader.java:506)
	at com.intellij.rt.coverage.instrumentation.Instrumentator.instrument(Instrumentator.java:193)
	at com.intellij.rt.coverage.instrumentation.Instrumentator.access$000(Instrumentator.java:41)
	at com.intellij.rt.coverage.instrumentation.Instrumentator$1.transform(Instrumentator.java:154)
	at sun.instrument.TransformerManager.transform(TransformerManager.java:188)
	at sun.instrument.InstrumentationImpl.transform(InstrumentationImpl.java:424)
	at com.sun.org.apache.xerces.internal.impl.dv.DTDDVFactory.getInstance(DTDDVFactory.java:63)
	at com.sun.org.apache.xerces.internal.impl.dv.DTDDVFactory.getInstance(DTDDVFactory.java:49)
	at com.sun.org.apache.xerces.internal.parsers.XML11Configuration.<init>(XML11Configuration.java:578)
	at com.sun.org.apache.xerces.internal.parsers.XIncludeAwareParserConfiguration.<init>(XIncludeAwareParserConfiguration.java:130)
	at com.sun.org.apache.xerces.internal.parsers.XIncludeAwareParserConfiguration.<init>(XIncludeAwareParserConfiguration.java:91)
	at com.sun.org.apache.xerces.internal.parsers.DOMParser.<init>(DOMParser.java:144)
	at com.sun.org.apache.xerces.internal.parsers.DOMParser.<init>(DOMParser.java:128)
	at com.sun.org.apache.xerces.internal.jaxp.DocumentBuilderImpl.<init>(DocumentBuilderImpl.java:137)
	at com.sun.org.apache.xerces.internal.jaxp.DocumentBuilderFactoryImpl.newDocumentBuilder(DocumentBuilderFactoryImpl.java:76)
	at org.robolectric.manifest.AndroidManifest.parseAndroidManifest(AndroidManifest.java:131)
	at org.robolectric.manifest.AndroidManifest.getTargetSdkVersion(AndroidManifest.java:446)
	at org.robolectric.RobolectricTestRunner.pickSdkVersion(RobolectricTestRunner.java:442)
	at org.robolectric.RobolectricTestRunner.runChild(RobolectricTestRunner.java:187)
	at org.robolectric.RobolectricTestRunner.runChild(RobolectricTestRunner.java:54)
	at org.junit.runners.ParentRunner$3.run(ParentRunner.java:290)
	at org.junit.runners.ParentRunner$1.schedule(ParentRunner.java:71)
	at org.junit.runners.ParentRunner.runChildren(ParentRunner.java:288)
	at org.junit.runners.ParentRunner.access$000(ParentRunner.java:58)
	at org.junit.runners.ParentRunner$2.evaluate(ParentRunner.java:268)
	at org.robolectric.RobolectricTestRunner$1.evaluate(RobolectricTestRunner.java:152)
	at org.junit.runners.ParentRunner.run(ParentRunner.java:363)
	at org.junit.runner.JUnitCore.run(JUnitCore.java:137)
	at com.intellij.junit4.JUnit4IdeaTestRunner.startRunnerWithArgs(JUnit4IdeaTestRunner.java:78)
	at com.intellij.rt.execution.junit.JUnitStarter.prepareStreamsAndStart(JUnitStarter.java:212)
	at com.intellij.rt.execution.junit.JUnitStarter.main(JUnitStarter.java:68)
	at sun.reflect.NativeMethodAccessorImpl.invoke0(Native Method)
	at sun.reflect.NativeMethodAccessorImpl.invoke(NativeMethodAccessorImpl.java:57)
	at sun.reflect.DelegatingMethodAccessorImpl.invoke(DelegatingMethodAccessorImpl.java:43)
	at java.lang.reflect.Method.invoke(Method.java:606)
	at com.intellij.rt.execution.application.AppMain.main(AppMain.java:140)
[2015.07.10 13:50:34] (Coverage): Error during class instrumentation: com.sun.org.apache.xerces.internal.utils.XMLSecurityPropertyManager
java.lang.NullPointerException
	at com.intellij.rt.coverage.instrumentation.Instrumentator$MyClassWriter.typeInfo(Instrumentator.java:370)
	at com.intellij.rt.coverage.instrumentation.Instrumentator$MyClassWriter.getCommonSuperClass(Instrumentator.java:295)
	at org.jetbrains.org.objectweb.asm.ClassWriter.getMergedType(ClassWriter.java:1654)
	at org.jetbrains.org.objectweb.asm.Frame.merge(Frame.java:1426)
	at org.jetbrains.org.objectweb.asm.Frame.merge(Frame.java:1325)
	at org.jetbrains.org.objectweb.asm.MethodWriter.visitMaxs(MethodWriter.java:1475)
	at org.jetbrains.org.objectweb.asm.MethodVisitor.visitMaxs(MethodVisitor.java:866)
	at com.intellij.rt.coverage.instrumentation.SamplingInstrumenter$1.visitMaxs(SamplingInstrumenter.java:99)
	at org.jetbrains.org.objectweb.asm.ClassReader.readCode(ClassReader.java:1554)
	at org.jetbrains.org.objectweb.asm.ClassReader.readMethod(ClassReader.java:1017)
	at org.jetbrains.org.objectweb.asm.ClassReader.accept(ClassReader.java:693)
	at org.jetbrains.org.objectweb.asm.ClassReader.accept(ClassReader.java:506)
	at com.intellij.rt.coverage.instrumentation.Instrumentator.instrument(Instrumentator.java:193)
	at com.intellij.rt.coverage.instrumentation.Instrumentator.access$000(Instrumentator.java:41)
	at com.intellij.rt.coverage.instrumentation.Instrumentator$1.transform(Instrumentator.java:154)
	at sun.instrument.TransformerManager.transform(TransformerManager.java:188)
	at sun.instrument.InstrumentationImpl.transform(InstrumentationImpl.java:424)
	at com.sun.org.apache.xerces.internal.jaxp.DocumentBuilderImpl.<init>(DocumentBuilderImpl.java:172)
	at com.sun.org.apache.xerces.internal.jaxp.DocumentBuilderFactoryImpl.newDocumentBuilder(DocumentBuilderFactoryImpl.java:76)
	at org.robolectric.manifest.AndroidManifest.parseAndroidManifest(AndroidManifest.java:131)
	at org.robolectric.manifest.AndroidManifest.getTargetSdkVersion(AndroidManifest.java:446)
	at org.robolectric.RobolectricTestRunner.pickSdkVersion(RobolectricTestRunner.java:442)
	at org.robolectric.RobolectricTestRunner.runChild(RobolectricTestRunner.java:187)
	at org.robolectric.RobolectricTestRunner.runChild(RobolectricTestRunner.java:54)
	at org.junit.runners.ParentRunner$3.run(ParentRunner.java:290)
	at org.junit.runners.ParentRunner$1.schedule(ParentRunner.java:71)
	at org.junit.runners.ParentRunner.runChildren(ParentRunner.java:288)
	at org.junit.runners.ParentRunner.access$000(ParentRunner.java:58)
	at org.junit.runners.ParentRunner$2.evaluate(ParentRunner.java:268)
	at org.robolectric.RobolectricTestRunner$1.evaluate(RobolectricTestRunner.java:152)
	at org.junit.runners.ParentRunner.run(ParentRunner.java:363)
	at org.junit.runner.JUnitCore.run(JUnitCore.java:137)
	at com.intellij.junit4.JUnit4IdeaTestRunner.startRunnerWithArgs(JUnit4IdeaTestRunner.java:78)
	at com.intellij.rt.execution.junit.JUnitStarter.prepareStreamsAndStart(JUnitStarter.java:212)
	at com.intellij.rt.execution.junit.JUnitStarter.main(JUnitStarter.java:68)
	at sun.reflect.NativeMethodAccessorImpl.invoke0(Native Method)
	at sun.reflect.NativeMethodAccessorImpl.invoke(NativeMethodAccessorImpl.java:57)
	at sun.reflect.DelegatingMethodAccessorImpl.invoke(DelegatingMethodAccessorImpl.java:43)
	at java.lang.reflect.Method.invoke(Method.java:606)
	at com.intellij.rt.execution.application.AppMain.main(AppMain.java:140)
[2015.07.10 13:50:34] (Coverage): Error during class instrumentation: com.sun.org.apache.xerces.internal.utils.XMLLimitAnalyzer
java.lang.NullPointerException
	at com.intellij.rt.coverage.instrumentation.Instrumentator$MyClassWriter.typeInfo(Instrumentator.java:370)
	at com.intellij.rt.coverage.instrumentation.Instrumentator$MyClassWriter.getCommonSuperClass(Instrumentator.java:295)
	at org.jetbrains.org.objectweb.asm.ClassWriter.getMergedType(ClassWriter.java:1654)
	at org.jetbrains.org.objectweb.asm.Frame.merge(Frame.java:1426)
	at org.jetbrains.org.objectweb.asm.Frame.merge(Frame.java:1325)
	at org.jetbrains.org.objectweb.asm.MethodWriter.visitMaxs(MethodWriter.java:1475)
	at org.jetbrains.org.objectweb.asm.MethodVisitor.visitMaxs(MethodVisitor.java:866)
	at com.intellij.rt.coverage.instrumentation.SamplingInstrumenter$1.visitMaxs(SamplingInstrumenter.java:99)
	at org.jetbrains.org.objectweb.asm.ClassReader.readCode(ClassReader.java:1554)
	at org.jetbrains.org.objectweb.asm.ClassReader.readMethod(ClassReader.java:1017)
	at org.jetbrains.org.objectweb.asm.ClassReader.accept(ClassReader.java:693)
	at org.jetbrains.org.objectweb.asm.ClassReader.accept(ClassReader.java:506)
	at com.intellij.rt.coverage.instrumentation.Instrumentator.instrument(Instrumentator.java:193)
	at com.intellij.rt.coverage.instrumentation.Instrumentator.access$000(Instrumentator.java:41)
	at com.intellij.rt.coverage.instrumentation.Instrumentator$1.transform(Instrumentator.java:154)
	at sun.instrument.TransformerManager.transform(TransformerManager.java:188)
	at sun.instrument.InstrumentationImpl.transform(InstrumentationImpl.java:424)
	at com.sun.org.apache.xerces.internal.impl.XMLDocumentFragmentScannerImpl.resetCommon(XMLDocumentFragmentScannerImpl.java:666)
	at com.sun.org.apache.xerces.internal.impl.XMLDocumentFragmentScannerImpl.reset(XMLDocumentFragmentScannerImpl.java:598)
	at com.sun.org.apache.xerces.internal.impl.XMLDocumentScannerImpl.reset(XMLDocumentScannerImpl.java:315)
	at com.sun.org.apache.xerces.internal.impl.XMLNSDocumentScannerImpl.reset(XMLNSDocumentScannerImpl.java:97)
	at com.sun.org.apache.xerces.internal.parsers.XML11Configuration.reset(XML11Configuration.java:1010)
	at com.sun.org.apache.xerces.internal.parsers.XML11Configuration.parse(XML11Configuration.java:819)
	at com.sun.org.apache.xerces.internal.parsers.XML11Configuration.parse(XML11Configuration.java:777)
	at com.sun.org.apache.xerces.internal.parsers.XMLParser.parse(XMLParser.java:141)
	at com.sun.org.apache.xerces.internal.parsers.DOMParser.parse(DOMParser.java:243)
	at com.sun.org.apache.xerces.internal.jaxp.DocumentBuilderImpl.parse(DocumentBuilderImpl.java:347)
	at javax.xml.parsers.DocumentBuilder.parse(DocumentBuilder.java:121)
	at org.robolectric.manifest.AndroidManifest.parseAndroidManifest(AndroidManifest.java:133)
	at org.robolectric.manifest.AndroidManifest.getTargetSdkVersion(AndroidManifest.java:446)
	at org.robolectric.RobolectricTestRunner.pickSdkVersion(RobolectricTestRunner.java:442)
	at org.robolectric.RobolectricTestRunner.runChild(RobolectricTestRunner.java:187)
	at org.robolectric.RobolectricTestRunner.runChild(RobolectricTestRunner.java:54)
	at org.junit.runners.ParentRunner$3.run(ParentRunner.java:290)
	at org.junit.runners.ParentRunner$1.schedule(ParentRunner.java:71)
	at org.junit.runners.ParentRunner.runChildren(ParentRunner.java:288)
	at org.junit.runners.ParentRunner.access$000(ParentRunner.java:58)
	at org.junit.runners.ParentRunner$2.evaluate(ParentRunner.java:268)
	at org.robolectric.RobolectricTestRunner$1.evaluate(RobolectricTestRunner.java:152)
	at org.junit.runners.ParentRunner.run(ParentRunner.java:363)
	at org.junit.runner.JUnitCore.run(JUnitCore.java:137)
	at com.intellij.junit4.JUnit4IdeaTestRunner.startRunnerWithArgs(JUnit4IdeaTestRunner.java:78)
	at com.intellij.rt.execution.junit.JUnitStarter.prepareStreamsAndStart(JUnitStarter.java:212)
	at com.intellij.rt.execution.junit.JUnitStarter.main(JUnitStarter.java:68)
	at sun.reflect.NativeMethodAccessorImpl.invoke0(Native Method)
	at sun.reflect.NativeMethodAccessorImpl.invoke(NativeMethodAccessorImpl.java:57)
	at sun.reflect.DelegatingMethodAccessorImpl.invoke(DelegatingMethodAccessorImpl.java:43)
	at java.lang.reflect.Method.invoke(Method.java:606)
	at com.intellij.rt.execution.application.AppMain.main(AppMain.java:140)
[2015.07.10 13:50:34] (Coverage): Error during class instrumentation: com.sun.org.apache.xerces.internal.dom.DeferredDocumentImpl
java.lang.NullPointerException
	at com.intellij.rt.coverage.instrumentation.Instrumentator$MyClassWriter.typeInfo(Instrumentator.java:370)
	at com.intellij.rt.coverage.instrumentation.Instrumentator$MyClassWriter.getCommonSuperClass(Instrumentator.java:295)
	at org.jetbrains.org.objectweb.asm.ClassWriter.getMergedType(ClassWriter.java:1654)
	at org.jetbrains.org.objectweb.asm.Frame.merge(Frame.java:1426)
	at org.jetbrains.org.objectweb.asm.Frame.merge(Frame.java:1325)
	at org.jetbrains.org.objectweb.asm.MethodWriter.visitMaxs(MethodWriter.java:1475)
	at org.jetbrains.org.objectweb.asm.MethodVisitor.visitMaxs(MethodVisitor.java:866)
	at com.intellij.rt.coverage.instrumentation.SamplingInstrumenter$1.visitMaxs(SamplingInstrumenter.java:99)
	at org.jetbrains.org.objectweb.asm.ClassReader.readCode(ClassReader.java:1554)
	at org.jetbrains.org.objectweb.asm.ClassReader.readMethod(ClassReader.java:1017)
	at org.jetbrains.org.objectweb.asm.ClassReader.accept(ClassReader.java:693)
	at org.jetbrains.org.objectweb.asm.ClassReader.accept(ClassReader.java:506)
	at com.intellij.rt.coverage.instrumentation.Instrumentator.instrument(Instrumentator.java:193)
	at com.intellij.rt.coverage.instrumentation.Instrumentator.access$000(Instrumentator.java:41)
	at com.intellij.rt.coverage.instrumentation.Instrumentator$1.transform(Instrumentator.java:154)
	at sun.instrument.TransformerManager.transform(TransformerManager.java:188)
	at sun.instrument.InstrumentationImpl.transform(InstrumentationImpl.java:424)
	at com.sun.org.apache.xerces.internal.parsers.AbstractDOMParser.startDocument(AbstractDOMParser.java:832)
	at com.sun.org.apache.xerces.internal.impl.dtd.XMLDTDValidator.startDocument(XMLDTDValidator.java:636)
	at com.sun.org.apache.xerces.internal.impl.XMLDocumentScannerImpl.startEntity(XMLDocumentScannerImpl.java:546)
	at com.sun.org.apache.xerces.internal.impl.XMLVersionDetector.startDocumentParsing(XMLVersionDetector.java:175)
	at com.sun.org.apache.xerces.internal.parsers.XML11Configuration.parse(XML11Configuration.java:826)
	at com.sun.org.apache.xerces.internal.parsers.XML11Configuration.parse(XML11Configuration.java:777)
	at com.sun.org.apache.xerces.internal.parsers.XMLParser.parse(XMLParser.java:141)
	at com.sun.org.apache.xerces.internal.parsers.DOMParser.parse(DOMParser.java:243)
	at com.sun.org.apache.xerces.internal.jaxp.DocumentBuilderImpl.parse(DocumentBuilderImpl.java:347)
	at javax.xml.parsers.DocumentBuilder.parse(DocumentBuilder.java:121)
	at org.robolectric.manifest.AndroidManifest.parseAndroidManifest(AndroidManifest.java:133)
	at org.robolectric.manifest.AndroidManifest.getTargetSdkVersion(AndroidManifest.java:446)
	at org.robolectric.RobolectricTestRunner.pickSdkVersion(RobolectricTestRunner.java:442)
	at org.robolectric.RobolectricTestRunner.runChild(RobolectricTestRunner.java:187)
	at org.robolectric.RobolectricTestRunner.runChild(RobolectricTestRunner.java:54)
	at org.junit.runners.ParentRunner$3.run(ParentRunner.java:290)
	at org.junit.runners.ParentRunner$1.schedule(ParentRunner.java:71)
	at org.junit.runners.ParentRunner.runChildren(ParentRunner.java:288)
	at org.junit.runners.ParentRunner.access$000(ParentRunner.java:58)
	at org.junit.runners.ParentRunner$2.evaluate(ParentRunner.java:268)
	at org.robolectric.RobolectricTestRunner$1.evaluate(RobolectricTestRunner.java:152)
	at org.junit.runners.ParentRunner.run(ParentRunner.java:363)
	at org.junit.runner.JUnitCore.run(JUnitCore.java:137)
	at com.intellij.junit4.JUnit4IdeaTestRunner.startRunnerWithArgs(JUnit4IdeaTestRunner.java:78)
	at com.intellij.rt.execution.junit.JUnitStarter.prepareStreamsAndStart(JUnitStarter.java:212)
	at com.intellij.rt.execution.junit.JUnitStarter.main(JUnitStarter.java:68)
	at sun.reflect.NativeMethodAccessorImpl.invoke0(Native Method)
	at sun.reflect.NativeMethodAccessorImpl.invoke(NativeMethodAccessorImpl.java:57)
	at sun.reflect.DelegatingMethodAccessorImpl.invoke(DelegatingMethodAccessorImpl.java:43)
	at java.lang.reflect.Method.invoke(Method.java:606)
	at com.intellij.rt.execution.application.AppMain.main(AppMain.java:140)
[2015.07.10 13:50:34] (Coverage): Error during class instrumentation: com.sun.org.apache.xerces.internal.dom.DocumentImpl
java.lang.NullPointerException
	at com.intellij.rt.coverage.instrumentation.Instrumentator$MyClassWriter.typeInfo(Instrumentator.java:370)
	at com.intellij.rt.coverage.instrumentation.Instrumentator$MyClassWriter.getCommonSuperClass(Instrumentator.java:295)
	at org.jetbrains.org.objectweb.asm.ClassWriter.getMergedType(ClassWriter.java:1654)
	at org.jetbrains.org.objectweb.asm.Frame.merge(Frame.java:1426)
	at org.jetbrains.org.objectweb.asm.Frame.merge(Frame.java:1325)
	at org.jetbrains.org.objectweb.asm.MethodWriter.visitMaxs(MethodWriter.java:1475)
	at org.jetbrains.org.objectweb.asm.MethodVisitor.visitMaxs(MethodVisitor.java:866)
	at com.intellij.rt.coverage.instrumentation.SamplingInstrumenter$1.visitMaxs(SamplingInstrumenter.java:99)
	at org.jetbrains.org.objectweb.asm.ClassReader.readCode(ClassReader.java:1554)
	at org.jetbrains.org.objectweb.asm.ClassReader.readMethod(ClassReader.java:1017)
	at org.jetbrains.org.objectweb.asm.ClassReader.accept(ClassReader.java:693)
	at org.jetbrains.org.objectweb.asm.ClassReader.accept(ClassReader.java:506)
	at com.intellij.rt.coverage.instrumentation.Instrumentator.instrument(Instrumentator.java:193)
	at com.intellij.rt.coverage.instrumentation.Instrumentator.access$000(Instrumentator.java:41)
	at com.intellij.rt.coverage.instrumentation.Instrumentator$1.transform(Instrumentator.java:154)
	at sun.instrument.TransformerManager.transform(TransformerManager.java:188)
	at sun.instrument.InstrumentationImpl.transform(InstrumentationImpl.java:424)
	at com.sun.org.apache.xerces.internal.parsers.AbstractDOMParser.startDocument(AbstractDOMParser.java:832)
	at com.sun.org.apache.xerces.internal.impl.dtd.XMLDTDValidator.startDocument(XMLDTDValidator.java:636)
	at com.sun.org.apache.xerces.internal.impl.XMLDocumentScannerImpl.startEntity(XMLDocumentScannerImpl.java:546)
	at com.sun.org.apache.xerces.internal.impl.XMLVersionDetector.startDocumentParsing(XMLVersionDetector.java:175)
	at com.sun.org.apache.xerces.internal.parsers.XML11Configuration.parse(XML11Configuration.java:826)
	at com.sun.org.apache.xerces.internal.parsers.XML11Configuration.parse(XML11Configuration.java:777)
	at com.sun.org.apache.xerces.internal.parsers.XMLParser.parse(XMLParser.java:141)
	at com.sun.org.apache.xerces.internal.parsers.DOMParser.parse(DOMParser.java:243)
	at com.sun.org.apache.xerces.internal.jaxp.DocumentBuilderImpl.parse(DocumentBuilderImpl.java:347)
	at javax.xml.parsers.DocumentBuilder.parse(DocumentBuilder.java:121)
	at org.robolectric.manifest.AndroidManifest.parseAndroidManifest(AndroidManifest.java:133)
	at org.robolectric.manifest.AndroidManifest.getTargetSdkVersion(AndroidManifest.java:446)
	at org.robolectric.RobolectricTestRunner.pickSdkVersion(RobolectricTestRunner.java:442)
	at org.robolectric.RobolectricTestRunner.runChild(RobolectricTestRunner.java:187)
	at org.robolectric.RobolectricTestRunner.runChild(RobolectricTestRunner.java:54)
	at org.junit.runners.ParentRunner$3.run(ParentRunner.java:290)
	at org.junit.runners.ParentRunner$1.schedule(ParentRunner.java:71)
	at org.junit.runners.ParentRunner.runChildren(ParentRunner.java:288)
	at org.junit.runners.ParentRunner.access$000(ParentRunner.java:58)
	at org.junit.runners.ParentRunner$2.evaluate(ParentRunner.java:268)
	at org.robolectric.RobolectricTestRunner$1.evaluate(RobolectricTestRunner.java:152)
	at org.junit.runners.ParentRunner.run(ParentRunner.java:363)
	at org.junit.runner.JUnitCore.run(JUnitCore.java:137)
	at com.intellij.junit4.JUnit4IdeaTestRunner.startRunnerWithArgs(JUnit4IdeaTestRunner.java:78)
	at com.intellij.rt.execution.junit.JUnitStarter.prepareStreamsAndStart(JUnitStarter.java:212)
	at com.intellij.rt.execution.junit.JUnitStarter.main(JUnitStarter.java:68)
	at sun.reflect.NativeMethodAccessorImpl.invoke0(Native Method)
	at sun.reflect.NativeMethodAccessorImpl.invoke(NativeMethodAccessorImpl.java:57)
	at sun.reflect.DelegatingMethodAccessorImpl.invoke(DelegatingMethodAccessorImpl.java:43)
	at java.lang.reflect.Method.invoke(Method.java:606)
	at com.intellij.rt.execution.application.AppMain.main(AppMain.java:140)
[2015.07.10 13:50:34] (Coverage): Error during class instrumentation: com.sun.org.apache.xerces.internal.dom.CoreDocumentImpl
java.lang.NullPointerException
	at com.intellij.rt.coverage.instrumentation.Instrumentator$MyClassWriter.typeInfo(Instrumentator.java:370)
	at com.intellij.rt.coverage.instrumentation.Instrumentator$MyClassWriter.getCommonSuperClass(Instrumentator.java:295)
	at org.jetbrains.org.objectweb.asm.ClassWriter.getMergedType(ClassWriter.java:1654)
	at org.jetbrains.org.objectweb.asm.Frame.merge(Frame.java:1426)
	at org.jetbrains.org.objectweb.asm.Frame.merge(Frame.java:1325)
	at org.jetbrains.org.objectweb.asm.MethodWriter.visitMaxs(MethodWriter.java:1475)
	at org.jetbrains.org.objectweb.asm.MethodVisitor.visitMaxs(MethodVisitor.java:866)
	at com.intellij.rt.coverage.instrumentation.SamplingInstrumenter$1.visitMaxs(SamplingInstrumenter.java:99)
	at org.jetbrains.org.objectweb.asm.ClassReader.readCode(ClassReader.java:1554)
	at org.jetbrains.org.objectweb.asm.ClassReader.readMethod(ClassReader.java:1017)
	at org.jetbrains.org.objectweb.asm.ClassReader.accept(ClassReader.java:693)
	at org.jetbrains.org.objectweb.asm.ClassReader.accept(ClassReader.java:506)
	at com.intellij.rt.coverage.instrumentation.Instrumentator.instrument(Instrumentator.java:193)
	at com.intellij.rt.coverage.instrumentation.Instrumentator.access$000(Instrumentator.java:41)
	at com.intellij.rt.coverage.instrumentation.Instrumentator$1.transform(Instrumentator.java:154)
	at sun.instrument.TransformerManager.transform(TransformerManager.java:188)
	at sun.instrument.InstrumentationImpl.transform(InstrumentationImpl.java:424)
	at com.sun.org.apache.xerces.internal.parsers.AbstractDOMParser.startDocument(AbstractDOMParser.java:832)
	at com.sun.org.apache.xerces.internal.impl.dtd.XMLDTDValidator.startDocument(XMLDTDValidator.java:636)
	at com.sun.org.apache.xerces.internal.impl.XMLDocumentScannerImpl.startEntity(XMLDocumentScannerImpl.java:546)
	at com.sun.org.apache.xerces.internal.impl.XMLVersionDetector.startDocumentParsing(XMLVersionDetector.java:175)
	at com.sun.org.apache.xerces.internal.parsers.XML11Configuration.parse(XML11Configuration.java:826)
	at com.sun.org.apache.xerces.internal.parsers.XML11Configuration.parse(XML11Configuration.java:777)
	at com.sun.org.apache.xerces.internal.parsers.XMLParser.parse(XMLParser.java:141)
	at com.sun.org.apache.xerces.internal.parsers.DOMParser.parse(DOMParser.java:243)
	at com.sun.org.apache.xerces.internal.jaxp.DocumentBuilderImpl.parse(DocumentBuilderImpl.java:347)
	at javax.xml.parsers.DocumentBuilder.parse(DocumentBuilder.java:121)
	at org.robolectric.manifest.AndroidManifest.parseAndroidManifest(AndroidManifest.java:133)
	at org.robolectric.manifest.AndroidManifest.getTargetSdkVersion(AndroidManifest.java:446)
	at org.robolectric.RobolectricTestRunner.pickSdkVersion(RobolectricTestRunner.java:442)
	at org.robolectric.RobolectricTestRunner.runChild(RobolectricTestRunner.java:187)
	at org.robolectric.RobolectricTestRunner.runChild(RobolectricTestRunner.java:54)
	at org.junit.runners.ParentRunner$3.run(ParentRunner.java:290)
	at org.junit.runners.ParentRunner$1.schedule(ParentRunner.java:71)
	at org.junit.runners.ParentRunner.runChildren(ParentRunner.java:288)
	at org.junit.runners.ParentRunner.access$000(ParentRunner.java:58)
	at org.junit.runners.ParentRunner$2.evaluate(ParentRunner.java:268)
	at org.robolectric.RobolectricTestRunner$1.evaluate(RobolectricTestRunner.java:152)
	at org.junit.runners.ParentRunner.run(ParentRunner.java:363)
	at org.junit.runner.JUnitCore.run(JUnitCore.java:137)
	at com.intellij.junit4.JUnit4IdeaTestRunner.startRunnerWithArgs(JUnit4IdeaTestRunner.java:78)
	at com.intellij.rt.execution.junit.JUnitStarter.prepareStreamsAndStart(JUnitStarter.java:212)
	at com.intellij.rt.execution.junit.JUnitStarter.main(JUnitStarter.java:68)
	at sun.reflect.NativeMethodAccessorImpl.invoke0(Native Method)
	at sun.reflect.NativeMethodAccessorImpl.invoke(NativeMethodAccessorImpl.java:57)
	at sun.reflect.DelegatingMethodAccessorImpl.invoke(DelegatingMethodAccessorImpl.java:43)
	at java.lang.reflect.Method.invoke(Method.java:606)
	at com.intellij.rt.execution.application.AppMain.main(AppMain.java:140)
[2015.07.10 13:50:34] (Coverage): Error during class instrumentation: com.sun.org.apache.xerces.internal.dom.ParentNode
java.lang.NullPointerException
	at com.intellij.rt.coverage.instrumentation.Instrumentator$MyClassWriter.typeInfo(Instrumentator.java:370)
	at com.intellij.rt.coverage.instrumentation.Instrumentator$MyClassWriter.getCommonSuperClass(Instrumentator.java:295)
	at org.jetbrains.org.objectweb.asm.ClassWriter.getMergedType(ClassWriter.java:1654)
	at org.jetbrains.org.objectweb.asm.Frame.merge(Frame.java:1426)
	at org.jetbrains.org.objectweb.asm.Frame.merge(Frame.java:1325)
	at org.jetbrains.org.objectweb.asm.MethodWriter.visitMaxs(MethodWriter.java:1475)
	at org.jetbrains.org.objectweb.asm.MethodVisitor.visitMaxs(MethodVisitor.java:866)
	at com.intellij.rt.coverage.instrumentation.SamplingInstrumenter$1.visitMaxs(SamplingInstrumenter.java:99)
	at org.jetbrains.org.objectweb.asm.ClassReader.readCode(ClassReader.java:1554)
	at org.jetbrains.org.objectweb.asm.ClassReader.readMethod(ClassReader.java:1017)
	at org.jetbrains.org.objectweb.asm.ClassReader.accept(ClassReader.java:693)
	at org.jetbrains.org.objectweb.asm.ClassReader.accept(ClassReader.java:506)
	at com.intellij.rt.coverage.instrumentation.Instrumentator.instrument(Instrumentator.java:193)
	at com.intellij.rt.coverage.instrumentation.Instrumentator.access$000(Instrumentator.java:41)
	at com.intellij.rt.coverage.instrumentation.Instrumentator$1.transform(Instrumentator.java:154)
	at sun.instrument.TransformerManager.transform(TransformerManager.java:188)
	at sun.instrument.InstrumentationImpl.transform(InstrumentationImpl.java:424)
	at com.sun.org.apache.xerces.internal.parsers.AbstractDOMParser.startDocument(AbstractDOMParser.java:832)
	at com.sun.org.apache.xerces.internal.impl.dtd.XMLDTDValidator.startDocument(XMLDTDValidator.java:636)
	at com.sun.org.apache.xerces.internal.impl.XMLDocumentScannerImpl.startEntity(XMLDocumentScannerImpl.java:546)
	at com.sun.org.apache.xerces.internal.impl.XMLVersionDetector.startDocumentParsing(XMLVersionDetector.java:175)
	at com.sun.org.apache.xerces.internal.parsers.XML11Configuration.parse(XML11Configuration.java:826)
	at com.sun.org.apache.xerces.internal.parsers.XML11Configuration.parse(XML11Configuration.java:777)
	at com.sun.org.apache.xerces.internal.parsers.XMLParser.parse(XMLParser.java:141)
	at com.sun.org.apache.xerces.internal.parsers.DOMParser.parse(DOMParser.java:243)
	at com.sun.org.apache.xerces.internal.jaxp.DocumentBuilderImpl.parse(DocumentBuilderImpl.java:347)
	at javax.xml.parsers.DocumentBuilder.parse(DocumentBuilder.java:121)
	at org.robolectric.manifest.AndroidManifest.parseAndroidManifest(AndroidManifest.java:133)
	at org.robolectric.manifest.AndroidManifest.getTargetSdkVersion(AndroidManifest.java:446)
	at org.robolectric.RobolectricTestRunner.pickSdkVersion(RobolectricTestRunner.java:442)
	at org.robolectric.RobolectricTestRunner.runChild(RobolectricTestRunner.java:187)
	at org.robolectric.RobolectricTestRunner.runChild(RobolectricTestRunner.java:54)
	at org.junit.runners.ParentRunner$3.run(ParentRunner.java:290)
	at org.junit.runners.ParentRunner$1.schedule(ParentRunner.java:71)
	at org.junit.runners.ParentRunner.runChildren(ParentRunner.java:288)
	at org.junit.runners.ParentRunner.access$000(ParentRunner.java:58)
	at org.junit.runners.ParentRunner$2.evaluate(ParentRunner.java:268)
	at org.robolectric.RobolectricTestRunner$1.evaluate(RobolectricTestRunner.java:152)
	at org.junit.runners.ParentRunner.run(ParentRunner.java:363)
	at org.junit.runner.JUnitCore.run(JUnitCore.java:137)
	at com.intellij.junit4.JUnit4IdeaTestRunner.startRunnerWithArgs(JUnit4IdeaTestRunner.java:78)
	at com.intellij.rt.execution.junit.JUnitStarter.prepareStreamsAndStart(JUnitStarter.java:212)
	at com.intellij.rt.execution.junit.JUnitStarter.main(JUnitStarter.java:68)
	at sun.reflect.NativeMethodAccessorImpl.invoke0(Native Method)
	at sun.reflect.NativeMethodAccessorImpl.invoke(NativeMethodAccessorImpl.java:57)
	at sun.reflect.DelegatingMethodAccessorImpl.invoke(DelegatingMethodAccessorImpl.java:43)
	at java.lang.reflect.Method.invoke(Method.java:606)
	at com.intellij.rt.execution.application.AppMain.main(AppMain.java:140)
[2015.07.10 13:50:34] (Coverage): Error during class instrumentation: com.sun.org.apache.xerces.internal.dom.NodeImpl
java.lang.NullPointerException
	at com.intellij.rt.coverage.instrumentation.Instrumentator$MyClassWriter.typeInfo(Instrumentator.java:370)
	at com.intellij.rt.coverage.instrumentation.Instrumentator$MyClassWriter.getCommonSuperClass(Instrumentator.java:295)
	at org.jetbrains.org.objectweb.asm.ClassWriter.getMergedType(ClassWriter.java:1654)
	at org.jetbrains.org.objectweb.asm.Frame.merge(Frame.java:1426)
	at org.jetbrains.org.objectweb.asm.Frame.merge(Frame.java:1325)
	at org.jetbrains.org.objectweb.asm.MethodWriter.visitMaxs(MethodWriter.java:1475)
	at org.jetbrains.org.objectweb.asm.MethodVisitor.visitMaxs(MethodVisitor.java:866)
	at com.intellij.rt.coverage.instrumentation.SamplingInstrumenter$1.visitMaxs(SamplingInstrumenter.java:99)
	at org.jetbrains.org.objectweb.asm.ClassReader.readCode(ClassReader.java:1554)
	at org.jetbrains.org.objectweb.asm.ClassReader.readMethod(ClassReader.java:1017)
	at org.jetbrains.org.objectweb.asm.ClassReader.accept(ClassReader.java:693)
	at org.jetbrains.org.objectweb.asm.ClassReader.accept(ClassReader.java:506)
	at com.intellij.rt.coverage.instrumentation.Instrumentator.instrument(Instrumentator.java:193)
	at com.intellij.rt.coverage.instrumentation.Instrumentator.access$000(Instrumentator.java:41)
	at com.intellij.rt.coverage.instrumentation.Instrumentator$1.transform(Instrumentator.java:154)
	at sun.instrument.TransformerManager.transform(TransformerManager.java:188)
	at sun.instrument.InstrumentationImpl.transform(InstrumentationImpl.java:424)
	at com.sun.org.apache.xerces.internal.parsers.AbstractDOMParser.startDocument(AbstractDOMParser.java:832)
	at com.sun.org.apache.xerces.internal.impl.dtd.XMLDTDValidator.startDocument(XMLDTDValidator.java:636)
	at com.sun.org.apache.xerces.internal.impl.XMLDocumentScannerImpl.startEntity(XMLDocumentScannerImpl.java:546)
	at com.sun.org.apache.xerces.internal.impl.XMLVersionDetector.startDocumentParsing(XMLVersionDetector.java:175)
	at com.sun.org.apache.xerces.internal.parsers.XML11Configuration.parse(XML11Configuration.java:826)
	at com.sun.org.apache.xerces.internal.parsers.XML11Configuration.parse(XML11Configuration.java:777)
	at com.sun.org.apache.xerces.internal.parsers.XMLParser.parse(XMLParser.java:141)
	at com.sun.org.apache.xerces.internal.parsers.DOMParser.parse(DOMParser.java:243)
	at com.sun.org.apache.xerces.internal.jaxp.DocumentBuilderImpl.parse(DocumentBuilderImpl.java:347)
	at javax.xml.parsers.DocumentBuilder.parse(DocumentBuilder.java:121)
	at org.robolectric.manifest.AndroidManifest.parseAndroidManifest(AndroidManifest.java:133)
	at org.robolectric.manifest.AndroidManifest.getTargetSdkVersion(AndroidManifest.java:446)
	at org.robolectric.RobolectricTestRunner.pickSdkVersion(RobolectricTestRunner.java:442)
	at org.robolectric.RobolectricTestRunner.runChild(RobolectricTestRunner.java:187)
	at org.robolectric.RobolectricTestRunner.runChild(RobolectricTestRunner.java:54)
	at org.junit.runners.ParentRunner$3.run(ParentRunner.java:290)
	at org.junit.runners.ParentRunner$1.schedule(ParentRunner.java:71)
	at org.junit.runners.ParentRunner.runChildren(ParentRunner.java:288)
	at org.junit.runners.ParentRunner.access$000(ParentRunner.java:58)
	at org.junit.runners.ParentRunner$2.evaluate(ParentRunner.java:268)
	at org.robolectric.RobolectricTestRunner$1.evaluate(RobolectricTestRunner.java:152)
	at org.junit.runners.ParentRunner.run(ParentRunner.java:363)
	at org.junit.runner.JUnitCore.run(JUnitCore.java:137)
	at com.intellij.junit4.JUnit4IdeaTestRunner.startRunnerWithArgs(JUnit4IdeaTestRunner.java:78)
	at com.intellij.rt.execution.junit.JUnitStarter.prepareStreamsAndStart(JUnitStarter.java:212)
	at com.intellij.rt.execution.junit.JUnitStarter.main(JUnitStarter.java:68)
	at sun.reflect.NativeMethodAccessorImpl.invoke0(Native Method)
	at sun.reflect.NativeMethodAccessorImpl.invoke(NativeMethodAccessorImpl.java:57)
	at sun.reflect.DelegatingMethodAccessorImpl.invoke(DelegatingMethodAccessorImpl.java:43)
	at java.lang.reflect.Method.invoke(Method.java:606)
	at com.intellij.rt.execution.application.AppMain.main(AppMain.java:140)
[2015.07.10 13:50:34] (Coverage): Error during class instrumentation: com.sun.org.apache.xerces.internal.impl.Constants
java.lang.NullPointerException
	at com.intellij.rt.coverage.instrumentation.Instrumentator$MyClassWriter.typeInfo(Instrumentator.java:370)
	at com.intellij.rt.coverage.instrumentation.Instrumentator$MyClassWriter.getCommonSuperClass(Instrumentator.java:295)
	at org.jetbrains.org.objectweb.asm.ClassWriter.getMergedType(ClassWriter.java:1654)
	at org.jetbrains.org.objectweb.asm.Frame.merge(Frame.java:1426)
	at org.jetbrains.org.objectweb.asm.Frame.merge(Frame.java:1374)
	at org.jetbrains.org.objectweb.asm.MethodWriter.visitMaxs(MethodWriter.java:1475)
	at org.jetbrains.org.objectweb.asm.MethodVisitor.visitMaxs(MethodVisitor.java:866)
	at com.intellij.rt.coverage.instrumentation.SamplingInstrumenter$1.visitMaxs(SamplingInstrumenter.java:99)
	at org.jetbrains.org.objectweb.asm.ClassReader.readCode(ClassReader.java:1554)
	at org.jetbrains.org.objectweb.asm.ClassReader.readMethod(ClassReader.java:1017)
	at org.jetbrains.org.objectweb.asm.ClassReader.accept(ClassReader.java:693)
	at org.jetbrains.org.objectweb.asm.ClassReader.accept(ClassReader.java:506)
	at com.intellij.rt.coverage.instrumentation.Instrumentator.instrument(Instrumentator.java:193)
	at com.intellij.rt.coverage.instrumentation.Instrumentator.access$000(Instrumentator.java:41)
	at com.intellij.rt.coverage.instrumentation.Instrumentator$1.transform(Instrumentator.java:154)
	at sun.instrument.TransformerManager.transform(TransformerManager.java:188)
	at sun.instrument.InstrumentationImpl.transform(InstrumentationImpl.java:424)
	at com.sun.org.apache.xerces.internal.impl.dtd.XMLDTDValidator.validate(XMLDTDValidator.java:1099)
	at com.sun.org.apache.xerces.internal.impl.dtd.XMLDTDValidator.handleStartElement(XMLDTDValidator.java:1873)
	at com.sun.org.apache.xerces.internal.impl.dtd.XMLDTDValidator.startElement(XMLDTDValidator.java:742)
	at com.sun.org.apache.xerces.internal.impl.XMLDocumentFragmentScannerImpl.scanStartElement(XMLDocumentFragmentScannerImpl.java:1363)
	at com.sun.org.apache.xerces.internal.impl.XMLDocumentScannerImpl$ContentDriver.scanRootElementHook(XMLDocumentScannerImpl.java:1292)
	at com.sun.org.apache.xerces.internal.impl.XMLDocumentFragmentScannerImpl$FragmentContentDriver.next(XMLDocumentFragmentScannerImpl.java:3138)
	at com.sun.org.apache.xerces.internal.impl.XMLDocumentScannerImpl$PrologDriver.next(XMLDocumentScannerImpl.java:880)
	at com.sun.org.apache.xerces.internal.impl.XMLDocumentScannerImpl.next(XMLDocumentScannerImpl.java:606)
	at com.sun.org.apache.xerces.internal.impl.XMLDocumentFragmentScannerImpl.scanDocument(XMLDocumentFragmentScannerImpl.java:510)
	at com.sun.org.apache.xerces.internal.parsers.XML11Configuration.parse(XML11Configuration.java:848)
	at com.sun.org.apache.xerces.internal.parsers.XML11Configuration.parse(XML11Configuration.java:777)
	at com.sun.org.apache.xerces.internal.parsers.XMLParser.parse(XMLParser.java:141)
	at com.sun.org.apache.xerces.internal.parsers.DOMParser.parse(DOMParser.java:243)
	at com.sun.org.apache.xerces.internal.jaxp.DocumentBuilderImpl.parse(DocumentBuilderImpl.java:347)
	at javax.xml.parsers.DocumentBuilder.parse(DocumentBuilder.java:121)
	at org.robolectric.manifest.AndroidManifest.parseAndroidManifest(AndroidManifest.java:133)
	at org.robolectric.manifest.AndroidManifest.getTargetSdkVersion(AndroidManifest.java:446)
	at org.robolectric.RobolectricTestRunner.pickSdkVersion(RobolectricTestRunner.java:442)
	at org.robolectric.RobolectricTestRunner.runChild(RobolectricTestRunner.java:187)
	at org.robolectric.RobolectricTestRunner.runChild(RobolectricTestRunner.java:54)
	at org.junit.runners.ParentRunner$3.run(ParentRunner.java:290)
	at org.junit.runners.ParentRunner$1.schedule(ParentRunner.java:71)
	at org.junit.runners.ParentRunner.runChildren(ParentRunner.java:288)
	at org.junit.runners.ParentRunner.access$000(ParentRunner.java:58)
	at org.junit.runners.ParentRunner$2.evaluate(ParentRunner.java:268)
	at org.robolectric.RobolectricTestRunner$1.evaluate(RobolectricTestRunner.java:152)
	at org.junit.runners.ParentRunner.run(ParentRunner.java:363)
	at org.junit.runner.JUnitCore.run(JUnitCore.java:137)
	at com.intellij.junit4.JUnit4IdeaTestRunner.startRunnerWithArgs(JUnit4IdeaTestRunner.java:78)
	at com.intellij.rt.execution.junit.JUnitStarter.prepareStreamsAndStart(JUnitStarter.java:212)
	at com.intellij.rt.execution.junit.JUnitStarter.main(JUnitStarter.java:68)
	at sun.reflect.NativeMethodAccessorImpl.invoke0(Native Method)
	at sun.reflect.NativeMethodAccessorImpl.invoke(NativeMethodAccessorImpl.java:57)
	at sun.reflect.DelegatingMethodAccessorImpl.invoke(DelegatingMethodAccessorImpl.java:43)
	at java.lang.reflect.Method.invoke(Method.java:606)
	at com.intellij.rt.execution.application.AppMain.main(AppMain.java:140)
[2015.07.10 13:50:34] (Coverage): Error during class instrumentation: com.sun.org.apache.xerces.internal.dom.DeepNodeListImpl
java.lang.NullPointerException
	at com.intellij.rt.coverage.instrumentation.Instrumentator$MyClassWriter.typeInfo(Instrumentator.java:370)
	at com.intellij.rt.coverage.instrumentation.Instrumentator$MyClassWriter.getCommonSuperClass(Instrumentator.java:295)
	at org.jetbrains.org.objectweb.asm.ClassWriter.getMergedType(ClassWriter.java:1654)
	at org.jetbrains.org.objectweb.asm.Frame.merge(Frame.java:1426)
	at org.jetbrains.org.objectweb.asm.Frame.merge(Frame.java:1325)
	at org.jetbrains.org.objectweb.asm.MethodWriter.visitMaxs(MethodWriter.java:1475)
	at org.jetbrains.org.objectweb.asm.MethodVisitor.visitMaxs(MethodVisitor.java:866)
	at com.intellij.rt.coverage.instrumentation.SamplingInstrumenter$1.visitMaxs(SamplingInstrumenter.java:99)
	at org.jetbrains.org.objectweb.asm.ClassReader.readCode(ClassReader.java:1554)
	at org.jetbrains.org.objectweb.asm.ClassReader.readMethod(ClassReader.java:1017)
	at org.jetbrains.org.objectweb.asm.ClassReader.accept(ClassReader.java:693)
	at org.jetbrains.org.objectweb.asm.ClassReader.accept(ClassReader.java:506)
	at com.intellij.rt.coverage.instrumentation.Instrumentator.instrument(Instrumentator.java:193)
	at com.intellij.rt.coverage.instrumentation.Instrumentator.access$000(Instrumentator.java:41)
	at com.intellij.rt.coverage.instrumentation.Instrumentator$1.transform(Instrumentator.java:154)
	at sun.instrument.TransformerManager.transform(TransformerManager.java:188)
	at sun.instrument.InstrumentationImpl.transform(InstrumentationImpl.java:424)
	at com.sun.org.apache.xerces.internal.dom.CoreDocumentImpl.getElementsByTagName(CoreDocumentImpl.java:725)
	at org.robolectric.manifest.AndroidManifest.getTagAttributeText(AndroidManifest.java:585)
	at org.robolectric.manifest.AndroidManifest.parseAndroidManifest(AndroidManifest.java:137)
	at org.robolectric.manifest.AndroidManifest.getTargetSdkVersion(AndroidManifest.java:446)
	at org.robolectric.RobolectricTestRunner.pickSdkVersion(RobolectricTestRunner.java:442)
	at org.robolectric.RobolectricTestRunner.runChild(RobolectricTestRunner.java:187)
	at org.robolectric.RobolectricTestRunner.runChild(RobolectricTestRunner.java:54)
	at org.junit.runners.ParentRunner$3.run(ParentRunner.java:290)
	at org.junit.runners.ParentRunner$1.schedule(ParentRunner.java:71)
	at org.junit.runners.ParentRunner.runChildren(ParentRunner.java:288)
	at org.junit.runners.ParentRunner.access$000(ParentRunner.java:58)
	at org.junit.runners.ParentRunner$2.evaluate(ParentRunner.java:268)
	at org.robolectric.RobolectricTestRunner$1.evaluate(RobolectricTestRunner.java:152)
	at org.junit.runners.ParentRunner.run(ParentRunner.java:363)
	at org.junit.runner.JUnitCore.run(JUnitCore.java:137)
	at com.intellij.junit4.JUnit4IdeaTestRunner.startRunnerWithArgs(JUnit4IdeaTestRunner.java:78)
	at com.intellij.rt.execution.junit.JUnitStarter.prepareStreamsAndStart(JUnitStarter.java:212)
	at com.intellij.rt.execution.junit.JUnitStarter.main(JUnitStarter.java:68)
	at sun.reflect.NativeMethodAccessorImpl.invoke0(Native Method)
	at sun.reflect.NativeMethodAccessorImpl.invoke(NativeMethodAccessorImpl.java:57)
	at sun.reflect.DelegatingMethodAccessorImpl.invoke(DelegatingMethodAccessorImpl.java:43)
	at java.lang.reflect.Method.invoke(Method.java:606)
	at com.intellij.rt.execution.application.AppMain.main(AppMain.java:140)
[2015.07.10 13:50:34] (Coverage): Error during class instrumentation: com.sun.org.apache.xerces.internal.dom.ElementImpl
java.lang.NullPointerException
	at com.intellij.rt.coverage.instrumentation.Instrumentator$MyClassWriter.typeInfo(Instrumentator.java:370)
	at com.intellij.rt.coverage.instrumentation.Instrumentator$MyClassWriter.getCommonSuperClass(Instrumentator.java:295)
	at org.jetbrains.org.objectweb.asm.ClassWriter.getMergedType(ClassWriter.java:1654)
	at org.jetbrains.org.objectweb.asm.Frame.merge(Frame.java:1426)
	at org.jetbrains.org.objectweb.asm.Frame.merge(Frame.java:1325)
	at org.jetbrains.org.objectweb.asm.MethodWriter.visitMaxs(MethodWriter.java:1475)
	at org.jetbrains.org.objectweb.asm.MethodVisitor.visitMaxs(MethodVisitor.java:866)
	at com.intellij.rt.coverage.instrumentation.SamplingInstrumenter$1.visitMaxs(SamplingInstrumenter.java:99)
	at org.jetbrains.org.objectweb.asm.ClassReader.readCode(ClassReader.java:1554)
	at org.jetbrains.org.objectweb.asm.ClassReader.readMethod(ClassReader.java:1017)
	at org.jetbrains.org.objectweb.asm.ClassReader.accept(ClassReader.java:693)
	at org.jetbrains.org.objectweb.asm.ClassReader.accept(ClassReader.java:506)
	at com.intellij.rt.coverage.instrumentation.Instrumentator.instrument(Instrumentator.java:193)
	at com.intellij.rt.coverage.instrumentation.Instrumentator.access$000(Instrumentator.java:41)
	at com.intellij.rt.coverage.instrumentation.Instrumentator$1.transform(Instrumentator.java:154)
	at sun.instrument.TransformerManager.transform(TransformerManager.java:188)
	at sun.instrument.InstrumentationImpl.transform(InstrumentationImpl.java:424)
	at com.sun.org.apache.xerces.internal.dom.DeferredDocumentImpl.getNodeObject(DeferredDocumentImpl.java:1019)
	at com.sun.org.apache.xerces.internal.dom.DeferredDocumentImpl.synchronizeChildren(DeferredDocumentImpl.java:1641)
	at com.sun.org.apache.xerces.internal.dom.ParentNode.hasChildNodes(ParentNode.java:198)
	at com.sun.org.apache.xerces.internal.dom.DeepNodeListImpl.nextMatchingElementAfter(DeepNodeListImpl.java:171)
	at com.sun.org.apache.xerces.internal.dom.DeepNodeListImpl.item(DeepNodeListImpl.java:146)
	at com.sun.org.apache.xerces.internal.dom.DeepNodeListImpl.getLength(DeepNodeListImpl.java:117)
	at org.robolectric.manifest.AndroidManifest.getTagAttributeText(AndroidManifest.java:586)
	at org.robolectric.manifest.AndroidManifest.parseAndroidManifest(AndroidManifest.java:137)
	at org.robolectric.manifest.AndroidManifest.getTargetSdkVersion(AndroidManifest.java:446)
	at org.robolectric.RobolectricTestRunner.pickSdkVersion(RobolectricTestRunner.java:442)
	at org.robolectric.RobolectricTestRunner.runChild(RobolectricTestRunner.java:187)
	at org.robolectric.RobolectricTestRunner.runChild(RobolectricTestRunner.java:54)
	at org.junit.runners.ParentRunner$3.run(ParentRunner.java:290)
	at org.junit.runners.ParentRunner$1.schedule(ParentRunner.java:71)
	at org.junit.runners.ParentRunner.runChildren(ParentRunner.java:288)
	at org.junit.runners.ParentRunner.access$000(ParentRunner.java:58)
	at org.junit.runners.ParentRunner$2.evaluate(ParentRunner.java:268)
	at org.robolectric.RobolectricTestRunner$1.evaluate(RobolectricTestRunner.java:152)
	at org.junit.runners.ParentRunner.run(ParentRunner.java:363)
	at org.junit.runner.JUnitCore.run(JUnitCore.java:137)
	at com.intellij.junit4.JUnit4IdeaTestRunner.startRunnerWithArgs(JUnit4IdeaTestRunner.java:78)
	at com.intellij.rt.execution.junit.JUnitStarter.prepareStreamsAndStart(JUnitStarter.java:212)
	at com.intellij.rt.execution.junit.JUnitStarter.main(JUnitStarter.java:68)
	at sun.reflect.NativeMethodAccessorImpl.invoke0(Native Method)
	at sun.reflect.NativeMethodAccessorImpl.invoke(NativeMethodAccessorImpl.java:57)
	at sun.reflect.DelegatingMethodAccessorImpl.invoke(DelegatingMethodAccessorImpl.java:43)
	at java.lang.reflect.Method.invoke(Method.java:606)
	at com.intellij.rt.execution.application.AppMain.main(AppMain.java:140)
[2015.07.10 13:50:34] (Coverage): Error during class instrumentation: com.sun.org.apache.xerces.internal.dom.AttrImpl
java.lang.NullPointerException
	at com.intellij.rt.coverage.instrumentation.Instrumentator$MyClassWriter.typeInfo(Instrumentator.java:370)
	at com.intellij.rt.coverage.instrumentation.Instrumentator$MyClassWriter.getCommonSuperClass(Instrumentator.java:295)
	at org.jetbrains.org.objectweb.asm.ClassWriter.getMergedType(ClassWriter.java:1654)
	at org.jetbrains.org.objectweb.asm.Frame.merge(Frame.java:1426)
	at org.jetbrains.org.objectweb.asm.Frame.merge(Frame.java:1325)
	at org.jetbrains.org.objectweb.asm.MethodWriter.visitMaxs(MethodWriter.java:1475)
	at org.jetbrains.org.objectweb.asm.MethodVisitor.visitMaxs(MethodVisitor.java:866)
	at com.intellij.rt.coverage.instrumentation.SamplingInstrumenter$1.visitMaxs(SamplingInstrumenter.java:99)
	at org.jetbrains.org.objectweb.asm.ClassReader.readCode(ClassReader.java:1554)
	at org.jetbrains.org.objectweb.asm.ClassReader.readMethod(ClassReader.java:1017)
	at org.jetbrains.org.objectweb.asm.ClassReader.accept(ClassReader.java:693)
	at org.jetbrains.org.objectweb.asm.ClassReader.accept(ClassReader.java:506)
	at com.intellij.rt.coverage.instrumentation.Instrumentator.instrument(Instrumentator.java:193)
	at com.intellij.rt.coverage.instrumentation.Instrumentator.access$000(Instrumentator.java:41)
	at com.intellij.rt.coverage.instrumentation.Instrumentator$1.transform(Instrumentator.java:154)
	at sun.instrument.TransformerManager.transform(TransformerManager.java:188)
	at sun.instrument.InstrumentationImpl.transform(InstrumentationImpl.java:424)
	at com.sun.org.apache.xerces.internal.dom.DeferredDocumentImpl.getNodeObject(DeferredDocumentImpl.java:974)
	at com.sun.org.apache.xerces.internal.dom.DeferredElementImpl.synchronizeData(DeferredElementImpl.java:121)
	at com.sun.org.apache.xerces.internal.dom.ElementImpl.getTagName(ElementImpl.java:314)
	at com.sun.org.apache.xerces.internal.dom.DeepNodeListImpl.nextMatchingElementAfter(DeepNodeListImpl.java:199)
	at com.sun.org.apache.xerces.internal.dom.DeepNodeListImpl.item(DeepNodeListImpl.java:146)
	at com.sun.org.apache.xerces.internal.dom.DeepNodeListImpl.getLength(DeepNodeListImpl.java:117)
	at org.robolectric.manifest.AndroidManifest.getTagAttributeText(AndroidManifest.java:586)
	at org.robolectric.manifest.AndroidManifest.parseAndroidManifest(AndroidManifest.java:137)
	at org.robolectric.manifest.AndroidManifest.getTargetSdkVersion(AndroidManifest.java:446)
	at org.robolectric.RobolectricTestRunner.pickSdkVersion(RobolectricTestRunner.java:442)
	at org.robolectric.RobolectricTestRunner.runChild(RobolectricTestRunner.java:187)
	at org.robolectric.RobolectricTestRunner.runChild(RobolectricTestRunner.java:54)
	at org.junit.runners.ParentRunner$3.run(ParentRunner.java:290)
	at org.junit.runners.ParentRunner$1.schedule(ParentRunner.java:71)
	at org.junit.runners.ParentRunner.runChildren(ParentRunner.java:288)
	at org.junit.runners.ParentRunner.access$000(ParentRunner.java:58)
	at org.junit.runners.ParentRunner$2.evaluate(ParentRunner.java:268)
	at org.robolectric.RobolectricTestRunner$1.evaluate(RobolectricTestRunner.java:152)
	at org.junit.runners.ParentRunner.run(ParentRunner.java:363)
	at org.junit.runner.JUnitCore.run(JUnitCore.java:137)
	at com.intellij.junit4.JUnit4IdeaTestRunner.startRunnerWithArgs(JUnit4IdeaTestRunner.java:78)
	at com.intellij.rt.execution.junit.JUnitStarter.prepareStreamsAndStart(JUnitStarter.java:212)
	at com.intellij.rt.execution.junit.JUnitStarter.main(JUnitStarter.java:68)
	at sun.reflect.NativeMethodAccessorImpl.invoke0(Native Method)
	at sun.reflect.NativeMethodAccessorImpl.invoke(NativeMethodAccessorImpl.java:57)
	at sun.reflect.DelegatingMethodAccessorImpl.invoke(DelegatingMethodAccessorImpl.java:43)
	at java.lang.reflect.Method.invoke(Method.java:606)
	at com.intellij.rt.execution.application.AppMain.main(AppMain.java:140)
[2015.07.10 13:50:34] (Coverage): Error during class instrumentation: com.sun.org.apache.xerces.internal.dom.TextImpl
java.lang.NullPointerException
	at com.intellij.rt.coverage.instrumentation.Instrumentator$MyClassWriter.typeInfo(Instrumentator.java:370)
	at com.intellij.rt.coverage.instrumentation.Instrumentator$MyClassWriter.getCommonSuperClass(Instrumentator.java:295)
	at org.jetbrains.org.objectweb.asm.ClassWriter.getMergedType(ClassWriter.java:1654)
	at org.jetbrains.org.objectweb.asm.Frame.merge(Frame.java:1426)
	at org.jetbrains.org.objectweb.asm.Frame.merge(Frame.java:1325)
	at org.jetbrains.org.objectweb.asm.MethodWriter.visitMaxs(MethodWriter.java:1475)
	at org.jetbrains.org.objectweb.asm.MethodVisitor.visitMaxs(MethodVisitor.java:866)
	at com.intellij.rt.coverage.instrumentation.SamplingInstrumenter$1.visitMaxs(SamplingInstrumenter.java:99)
	at org.jetbrains.org.objectweb.asm.ClassReader.readCode(ClassReader.java:1554)
	at org.jetbrains.org.objectweb.asm.ClassReader.readMethod(ClassReader.java:1017)
	at org.jetbrains.org.objectweb.asm.ClassReader.accept(ClassReader.java:693)
	at org.jetbrains.org.objectweb.asm.ClassReader.accept(ClassReader.java:506)
	at com.intellij.rt.coverage.instrumentation.Instrumentator.instrument(Instrumentator.java:193)
	at com.intellij.rt.coverage.instrumentation.Instrumentator.access$000(Instrumentator.java:41)
	at com.intellij.rt.coverage.instrumentation.Instrumentator$1.transform(Instrumentator.java:154)
	at sun.instrument.TransformerManager.transform(TransformerManager.java:188)
	at sun.instrument.InstrumentationImpl.transform(InstrumentationImpl.java:424)
	at com.sun.org.apache.xerces.internal.dom.DeferredDocumentImpl.getNodeObject(DeferredDocumentImpl.java:1081)
	at com.sun.org.apache.xerces.internal.dom.DeferredDocumentImpl.synchronizeChildren(DeferredDocumentImpl.java:1755)
	at com.sun.org.apache.xerces.internal.dom.DeferredElementImpl.synchronizeChildren(DeferredElementImpl.java:135)
	at com.sun.org.apache.xerces.internal.dom.ParentNode.hasChildNodes(ParentNode.java:198)
	at com.sun.org.apache.xerces.internal.dom.DeepNodeListImpl.nextMatchingElementAfter(DeepNodeListImpl.java:171)
	at com.sun.org.apache.xerces.internal.dom.DeepNodeListImpl.item(DeepNodeListImpl.java:146)
	at com.sun.org.apache.xerces.internal.dom.DeepNodeListImpl.getLength(DeepNodeListImpl.java:117)
	at org.robolectric.manifest.AndroidManifest.getTagAttributeText(AndroidManifest.java:586)
	at org.robolectric.manifest.AndroidManifest.parseAndroidManifest(AndroidManifest.java:137)
	at org.robolectric.manifest.AndroidManifest.getTargetSdkVersion(AndroidManifest.java:446)
	at org.robolectric.RobolectricTestRunner.pickSdkVersion(RobolectricTestRunner.java:442)
	at org.robolectric.RobolectricTestRunner.runChild(RobolectricTestRunner.java:187)
	at org.robolectric.RobolectricTestRunner.runChild(RobolectricTestRunner.java:54)
	at org.junit.runners.ParentRunner$3.run(ParentRunner.java:290)
	at org.junit.runners.ParentRunner$1.schedule(ParentRunner.java:71)
	at org.junit.runners.ParentRunner.runChildren(ParentRunner.java:288)
	at org.junit.runners.ParentRunner.access$000(ParentRunner.java:58)
	at org.junit.runners.ParentRunner$2.evaluate(ParentRunner.java:268)
	at org.robolectric.RobolectricTestRunner$1.evaluate(RobolectricTestRunner.java:152)
	at org.junit.runners.ParentRunner.run(ParentRunner.java:363)
	at org.junit.runner.JUnitCore.run(JUnitCore.java:137)
	at com.intellij.junit4.JUnit4IdeaTestRunner.startRunnerWithArgs(JUnit4IdeaTestRunner.java:78)
	at com.intellij.rt.execution.junit.JUnitStarter.prepareStreamsAndStart(JUnitStarter.java:212)
	at com.intellij.rt.execution.junit.JUnitStarter.main(JUnitStarter.java:68)
	at sun.reflect.NativeMethodAccessorImpl.invoke0(Native Method)
	at sun.reflect.NativeMethodAccessorImpl.invoke(NativeMethodAccessorImpl.java:57)
	at sun.reflect.DelegatingMethodAccessorImpl.invoke(DelegatingMethodAccessorImpl.java:43)
	at java.lang.reflect.Method.invoke(Method.java:606)
	at com.intellij.rt.execution.application.AppMain.main(AppMain.java:140)
[2015.07.10 13:50:39] (Coverage): Error during class instrumentation: com.sun.xml.internal.stream.events.XMLEventAllocatorImpl
java.lang.NullPointerException
	at com.intellij.rt.coverage.instrumentation.Instrumentator$MyClassWriter.typeInfo(Instrumentator.java:370)
	at com.intellij.rt.coverage.instrumentation.Instrumentator$MyClassWriter.getCommonSuperClass(Instrumentator.java:295)
	at org.jetbrains.org.objectweb.asm.ClassWriter.getMergedType(ClassWriter.java:1654)
	at org.jetbrains.org.objectweb.asm.Frame.merge(Frame.java:1426)
	at org.jetbrains.org.objectweb.asm.Frame.merge(Frame.java:1325)
	at org.jetbrains.org.objectweb.asm.MethodWriter.visitMaxs(MethodWriter.java:1475)
	at org.jetbrains.org.objectweb.asm.MethodVisitor.visitMaxs(MethodVisitor.java:866)
	at com.intellij.rt.coverage.instrumentation.SamplingInstrumenter$1.visitMaxs(SamplingInstrumenter.java:99)
	at org.jetbrains.org.objectweb.asm.ClassReader.readCode(ClassReader.java:1554)
	at org.jetbrains.org.objectweb.asm.ClassReader.readMethod(ClassReader.java:1017)
	at org.jetbrains.org.objectweb.asm.ClassReader.accept(ClassReader.java:693)
	at org.jetbrains.org.objectweb.asm.ClassReader.accept(ClassReader.java:506)
	at com.intellij.rt.coverage.instrumentation.Instrumentator.instrument(Instrumentator.java:193)
	at com.intellij.rt.coverage.instrumentation.Instrumentator.access$000(Instrumentator.java:41)
	at com.intellij.rt.coverage.instrumentation.Instrumentator$1.transform(Instrumentator.java:154)
	at sun.instrument.TransformerManager.transform(TransformerManager.java:188)
	at sun.instrument.InstrumentationImpl.transform(InstrumentationImpl.java:424)
	at com.sun.xml.internal.stream.XMLEventReaderImpl.<init>(XMLEventReaderImpl.java:53)
	at com.sun.xml.internal.stream.XMLInputFactoryImpl.createXMLEventReader(XMLInputFactoryImpl.java:84)
	at org.simpleframework.xml.stream.StreamProvider.provide(StreamProvider.java:79)
	at org.simpleframework.xml.stream.NodeBuilder.read(NodeBuilder.java:71)
	at org.simpleframework.xml.core.Persister.read(Persister.java:562)
	at org.simpleframework.xml.core.Persister.read(Persister.java:499)
	at com.concur.mobile.platform.authentication.test.PPLoginRequestTaskTest.doTest(PPLoginRequestTaskTest.java:137)
	at com.concur.mobile.platform.test.PlatformTestSuite.doPinPasswordLogin(PlatformTestSuite.java:152)
	at com.concur.mobile.platform.test.PlatformTestSuite.doStopOcr(PlatformTestSuite.java:568)
	at sun.reflect.NativeMethodAccessorImpl.invoke0(Native Method)
	at sun.reflect.NativeMethodAccessorImpl.invoke(NativeMethodAccessorImpl.java:57)
	at sun.reflect.DelegatingMethodAccessorImpl.invoke(DelegatingMethodAccessorImpl.java:43)
	at java.lang.reflect.Method.invoke(Method.java:606)
	at org.junit.runners.model.FrameworkMethod$1.runReflectiveCall(FrameworkMethod.java:50)
	at org.junit.internal.runners.model.ReflectiveCallable.run(ReflectiveCallable.java:12)
	at org.junit.runners.model.FrameworkMethod.invokeExplosively(FrameworkMethod.java:47)
	at org.junit.internal.runners.statements.InvokeMethod.evaluate(InvokeMethod.java:17)
	at org.robolectric.RobolectricTestRunner$2.evaluate(RobolectricTestRunner.java:251)
	at org.robolectric.RobolectricTestRunner.runChild(RobolectricTestRunner.java:188)
	at org.robolectric.RobolectricTestRunner.runChild(RobolectricTestRunner.java:54)
	at org.junit.runners.ParentRunner$3.run(ParentRunner.java:290)
	at org.junit.runners.ParentRunner$1.schedule(ParentRunner.java:71)
	at org.junit.runners.ParentRunner.runChildren(ParentRunner.java:288)
	at org.junit.runners.ParentRunner.access$000(ParentRunner.java:58)
	at org.junit.runners.ParentRunner$2.evaluate(ParentRunner.java:268)
	at org.robolectric.RobolectricTestRunner$1.evaluate(RobolectricTestRunner.java:152)
	at org.junit.runners.ParentRunner.run(ParentRunner.java:363)
	at org.junit.runner.JUnitCore.run(JUnitCore.java:137)
	at com.intellij.junit4.JUnit4IdeaTestRunner.startRunnerWithArgs(JUnit4IdeaTestRunner.java:78)
	at com.intellij.rt.execution.junit.JUnitStarter.prepareStreamsAndStart(JUnitStarter.java:212)
	at com.intellij.rt.execution.junit.JUnitStarter.main(JUnitStarter.java:68)
	at sun.reflect.NativeMethodAccessorImpl.invoke0(Native Method)
	at sun.reflect.NativeMethodAccessorImpl.invoke(NativeMethodAccessorImpl.java:57)
	at sun.reflect.DelegatingMethodAccessorImpl.invoke(DelegatingMethodAccessorImpl.java:43)
	at java.lang.reflect.Method.invoke(Method.java:606)
	at com.intellij.rt.execution.application.AppMain.main(AppMain.java:140)
